{
"contracts/apy.sol":{"l":{"18":0,"19":0,"20":0,"23":0,"28":0,"29":0,"30":0,"31":0,"32":0,"33":0},"path":"/workspaces/ChaiDex-Contracts-1/contracts/apy.sol","s":{"1":0,"2":0,"3":0,"4":0},"b":{"1":[0,0],"2":[0,0],"3":[0,0],"4":[0,0]},"f":{"1":0,"2":0,"3":0},"fnMap":{"1":{"name":"constructor","line":17,"loc":{"start":{"line":17,"column":7},"end":{"line":21,"column":4}}},"2":{"name":"setAddress","line":22,"loc":{"start":{"line":22,"column":7},"end":{"line":24,"column":4}}},"3":{"name":"fees","line":27,"loc":{"start":{"line":27,"column":4},"end":{"line":34,"column":4}}}},"statementMap":{"1":{"start":{"line":28,"column":8},"end":{"line":28,"column":46}},"2":{"start":{"line":31,"column":8},"end":{"line":31,"column":84}},"3":{"start":{"line":32,"column":7},"end":{"line":32,"column":85}},"4":{"start":{"line":33,"column":8},"end":{"line":33,"column":44}}},"branchMap":{"1":{"line":22,"type":"if","locations":[{"start":{"line":22,"column":48},"end":{"line":22,"column":48}},{"start":{"line":22,"column":48},"end":{"line":22,"column":48}}]},"2":{"line":28,"type":"if","locations":[{"start":{"line":28,"column":8},"end":{"line":28,"column":8}},{"start":{"line":28,"column":8},"end":{"line":28,"column":8}}]},"3":{"line":31,"type":"if","locations":[{"start":{"line":31,"column":8},"end":{"line":31,"column":8}},{"start":{"line":31,"column":8},"end":{"line":31,"column":8}}]},"4":{"line":32,"type":"if","locations":[{"start":{"line":32,"column":7},"end":{"line":32,"column":7}},{"start":{"line":32,"column":7},"end":{"line":32,"column":7}}]}}},
"contracts/Chait.sol":{"l":{"14":0,"18":0,"19":0,"20":0,"21":0,"23":0},"path":"/workspaces/ChaiDex-Contracts-1/contracts/Chait.sol","s":{"1":0,"2":0,"3":0,"4":0,"5":0,"6":0},"b":{"1":[0,0],"2":[0,0]},"f":{"1":0,"2":0,"3":0},"fnMap":{"1":{"name":"constructor","line":13,"loc":{"start":{"line":13,"column":4},"end":{"line":15,"column":4}}},"2":{"name":"initialize","line":17,"loc":{"start":{"line":17,"column":4},"end":{"line":24,"column":4}}},"3":{"name":"_authorizeUpgrade","line":30,"loc":{"start":{"line":28,"column":4},"end":{"line":32,"column":5}}}},"statementMap":{"1":{"start":{"line":14,"column":8},"end":{"line":14,"column":29}},"2":{"start":{"line":18,"column":8},"end":{"line":18,"column":34}},"3":{"start":{"line":19,"column":8},"end":{"line":19,"column":29}},"4":{"start":{"line":20,"column":8},"end":{"line":20,"column":23}},"5":{"start":{"line":21,"column":8},"end":{"line":21,"column":31}},"6":{"start":{"line":23,"column":8},"end":{"line":23,"column":55}}},"branchMap":{"1":{"line":17,"type":"if","locations":[{"start":{"line":17,"column":26},"end":{"line":17,"column":26}},{"start":{"line":17,"column":26},"end":{"line":17,"column":26}}]},"2":{"line":30,"type":"if","locations":[{"start":{"line":30,"column":8},"end":{"line":30,"column":8}},{"start":{"line":30,"column":8},"end":{"line":30,"column":8}}]}}},
"contracts/HTLC.sol":{"l":{},"path":"/workspaces/ChaiDex-Contracts-1/contracts/HTLC.sol","s":{},"b":{},"f":{},"fnMap":{},"statementMap":{},"branchMap":{}},
"contracts/INRC.sol":{"l":{"17":0,"18":0,"19":0,"20":0,"24":0,"27":0,"31":0,"37":0,"40":0,"47":0,"51":0,"56":0,"57":0,"58":0,"62":0,"63":0,"64":0,"65":0,"66":0},"path":"/workspaces/ChaiDex-Contracts-1/contracts/INRC.sol","s":{"1":0,"2":0,"3":0,"4":0,"5":0,"6":0,"7":0,"8":0,"9":0,"10":0,"11":0,"12":0,"13":0,"14":0,"15":0,"16":0,"17":0},"b":{"1":[0,0],"2":[0,0],"3":[0,0],"4":[0,0],"5":[0,0],"6":[0,0],"7":[0,0],"8":[0,0],"9":[0,0],"10":[0,0],"11":[0,0],"12":[0,0],"13":[0,0],"14":[0,0]},"f":{"1":0,"2":0,"3":0,"4":0,"5":0,"6":0,"7":0,"8":0,"9":0,"10":0,"11":0},"fnMap":{"1":{"name":"initialize","line":16,"loc":{"start":{"line":16,"column":5},"end":{"line":21,"column":4}}},"2":{"name":"constructor","line":23,"loc":{"start":{"line":23,"column":5},"end":{"line":25,"column":4}}},"3":{"name":"pause","line":26,"loc":{"start":{"line":26,"column":1},"end":{"line":28,"column":4}}},"4":{"name":"unpause","line":30,"loc":{"start":{"line":30,"column":4},"end":{"line":32,"column":4}}},"5":{"name":"setBurnwhitelist","line":36,"loc":{"start":{"line":33,"column":1},"end":{"line":38,"column":4}}},"6":{"name":"setEpoch","line":39,"loc":{"start":{"line":39,"column":4},"end":{"line":41,"column":0}}},"7":{"name":"_beforeTokenTransfer","line":44,"loc":{"start":{"line":42,"column":2},"end":{"line":48,"column":4}}},"8":{"name":"decimals","line":50,"loc":{"start":{"line":50,"column":4},"end":{"line":52,"column":4}}},"9":{"name":"issue","line":55,"loc":{"start":{"line":55,"column":4},"end":{"line":59,"column":4}}},"10":{"name":"redeem","line":61,"loc":{"start":{"line":61,"column":4},"end":{"line":67,"column":4}}},"11":{"name":"_authorizeUpgrade","line":71,"loc":{"start":{"line":69,"column":4},"end":{"line":73,"column":5}}}},"statementMap":{"1":{"start":{"line":17,"column":8},"end":{"line":17,"column":39}},"2":{"start":{"line":18,"column":8},"end":{"line":18,"column":23}},"3":{"start":{"line":19,"column":8},"end":{"line":19,"column":24}},"4":{"start":{"line":20,"column":8},"end":{"line":20,"column":31}},"5":{"start":{"line":24,"column":8},"end":{"line":24,"column":29}},"6":{"start":{"line":27,"column":8},"end":{"line":27,"column":15}},"7":{"start":{"line":31,"column":8},"end":{"line":31,"column":17}},"8":{"start":{"line":47,"column":8},"end":{"line":47,"column":51}},"9":{"start":{"line":51,"column":8},"end":{"line":51,"column":16}},"10":{"start":{"line":56,"column":8},"end":{"line":56,"column":48}},"11":{"start":{"line":57,"column":8},"end":{"line":57,"column":24}},"12":{"start":{"line":58,"column":8},"end":{"line":58,"column":29}},"13":{"start":{"line":62,"column":8},"end":{"line":62,"column":48}},"14":{"start":{"line":63,"column":8},"end":{"line":63,"column":43}},"15":{"start":{"line":64,"column":8},"end":{"line":64,"column":62}},"16":{"start":{"line":65,"column":8},"end":{"line":65,"column":34}},"17":{"start":{"line":66,"column":8},"end":{"line":66,"column":39}}},"branchMap":{"1":{"line":16,"type":"if","locations":[{"start":{"line":16,"column":27},"end":{"line":16,"column":27}},{"start":{"line":16,"column":27},"end":{"line":16,"column":27}}]},"2":{"line":26,"type":"if","locations":[{"start":{"line":26,"column":25},"end":{"line":26,"column":25}},{"start":{"line":26,"column":25},"end":{"line":26,"column":25}}]},"3":{"line":30,"type":"if","locations":[{"start":{"line":30,"column":30},"end":{"line":30,"column":30}},{"start":{"line":30,"column":30},"end":{"line":30,"column":30}}]},"4":{"line":36,"type":"if","locations":[{"start":{"line":36,"column":13},"end":{"line":36,"column":13}},{"start":{"line":36,"column":13},"end":{"line":36,"column":13}}]},"5":{"line":36,"type":"if","locations":[{"start":{"line":36,"column":23},"end":{"line":36,"column":23}},{"start":{"line":36,"column":23},"end":{"line":36,"column":23}}]},"6":{"line":39,"type":"if","locations":[{"start":{"line":39,"column":40},"end":{"line":39,"column":40}},{"start":{"line":39,"column":40},"end":{"line":39,"column":40}}]},"7":{"line":39,"type":"if","locations":[{"start":{"line":39,"column":51},"end":{"line":39,"column":51}},{"start":{"line":39,"column":51},"end":{"line":39,"column":51}}]},"8":{"line":44,"type":"if","locations":[{"start":{"line":44,"column":8},"end":{"line":44,"column":8}},{"start":{"line":44,"column":8},"end":{"line":44,"column":8}}]},"9":{"line":55,"type":"if","locations":[{"start":{"line":55,"column":54},"end":{"line":55,"column":54}},{"start":{"line":55,"column":54},"end":{"line":55,"column":54}}]},"10":{"line":56,"type":"if","locations":[{"start":{"line":56,"column":8},"end":{"line":56,"column":8}},{"start":{"line":56,"column":8},"end":{"line":56,"column":8}}]},"11":{"line":62,"type":"if","locations":[{"start":{"line":62,"column":8},"end":{"line":62,"column":8}},{"start":{"line":62,"column":8},"end":{"line":62,"column":8}}]},"12":{"line":63,"type":"if","locations":[{"start":{"line":63,"column":8},"end":{"line":63,"column":8}},{"start":{"line":63,"column":8},"end":{"line":63,"column":8}}]},"13":{"line":64,"type":"if","locations":[{"start":{"line":64,"column":8},"end":{"line":64,"column":8}},{"start":{"line":64,"column":8},"end":{"line":64,"column":8}}]},"14":{"line":71,"type":"if","locations":[{"start":{"line":71,"column":8},"end":{"line":71,"column":8}},{"start":{"line":71,"column":8},"end":{"line":71,"column":8}}]}}},
"contracts/LiquidityPool.sol":{"l":{"18":3,"19":3,"20":3,"24":3,"28":2,"32":1,"117":2,"121":3,"129":2,"130":2,"142":8,"153":7,"156":5,"168":7,"169":7,"170":6,"175":7,"180":7,"181":7,"182":7,"183":7,"184":7,"185":7,"186":6,"187":6,"189":7,"201":5,"202":5,"206":3,"207":3,"208":3,"209":3,"210":3,"211":3,"212":3,"213":3,"214":3,"215":3,"220":4,"221":4,"222":3,"223":3,"224":2,"225":2,"226":2,"227":2,"228":2,"229":2,"231":2,"232":2,"237":1,"238":1,"240":2,"242":1,"247":1,"248":1,"250":2,"252":1},"path":"/workspaces/ChaiDex-Contracts-1/contracts/LiquidityPool.sol","s":{"1":3,"2":3,"3":3,"4":3,"5":2,"6":1,"7":8,"8":7,"9":5,"10":7,"11":7,"12":7,"13":7,"14":6,"15":7,"16":5,"17":5,"18":3,"19":3,"20":3,"21":3,"22":3,"23":4,"24":4,"25":3,"26":3,"27":2,"28":2,"29":2,"30":1,"31":1,"32":1,"33":1,"34":1,"35":1},"b":{"1":[3,0],"2":[0,0],"3":[2,1],"4":[1,1],"5":[3,1],"6":[2,1],"7":[4,1],"8":[3,1],"9":[3,1],"10":[2,1],"11":[7,1],"12":[7,0],"13":[6,1],"14":[6,1],"15":[5,2],"16":[3,2],"17":[3,0],"18":[3,0],"19":[3,0],"20":[4,1],"21":[3,1],"22":[3,0],"23":[2,1],"24":[2,0]},"f":{"1":3,"2":3,"3":0,"4":2,"5":1,"6":2,"7":3,"8":2,"9":8,"10":7,"11":5,"12":7,"13":5,"14":4,"15":1,"16":1},"fnMap":{"1":{"name":"initialize","line":17,"loc":{"start":{"line":17,"column":5},"end":{"line":21,"column":3}}},"2":{"name":"constructor","line":23,"loc":{"start":{"line":23,"column":4},"end":{"line":25,"column":4}}},"3":{"name":"_authorizeUpgrade","line":26,"loc":{"start":{"line":26,"column":3},"end":{"line":26,"column":80}}},"4":{"name":"pause","line":27,"loc":{"start":{"line":27,"column":1},"end":{"line":29,"column":4}}},"5":{"name":"unpause","line":31,"loc":{"start":{"line":31,"column":4},"end":{"line":33,"column":4}}},"6":{"name":"setEpoch","line":116,"loc":{"start":{"line":116,"column":0},"end":{"line":118,"column":0}}},"7":{"name":"setUnstake","line":120,"loc":{"start":{"line":120,"column":0},"end":{"line":122,"column":0}}},"8":{"name":"setUSDAddress","line":128,"loc":{"start":{"line":124,"column":4},"end":{"line":132,"column":4}}},"9":{"name":"stake","line":141,"loc":{"start":{"line":141,"column":4},"end":{"line":143,"column":4}}},"10":{"name":"unstake","line":152,"loc":{"start":{"line":152,"column":4},"end":{"line":154,"column":4}}},"11":{"name":"unstakeAll","line":155,"loc":{"start":{"line":155,"column":4},"end":{"line":157,"column":4}}},"12":{"name":"_stake","line":167,"loc":{"start":{"line":167,"column":4},"end":{"line":190,"column":4}}},"13":{"name":"_unStake","line":200,"loc":{"start":{"line":200,"column":4},"end":{"line":217,"column":4}}},"14":{"name":"_unstakeAll","line":218,"loc":{"start":{"line":218,"column":0},"end":{"line":234,"column":0}}},"15":{"name":"getLPbalance","line":236,"loc":{"start":{"line":236,"column":0},"end":{"line":244,"column":0}}},"16":{"name":"GetStakers","line":246,"loc":{"start":{"line":246,"column":0},"end":{"line":253,"column":0}}}},"statementMap":{"1":{"start":{"line":18,"column":7},"end":{"line":18,"column":30}},"2":{"start":{"line":19,"column":7},"end":{"line":19,"column":22}},"3":{"start":{"line":20,"column":7},"end":{"line":20,"column":23}},"4":{"start":{"line":24,"column":8},"end":{"line":24,"column":29}},"5":{"start":{"line":28,"column":8},"end":{"line":28,"column":15}},"6":{"start":{"line":32,"column":8},"end":{"line":32,"column":17}},"7":{"start":{"line":142,"column":8},"end":{"line":142,"column":28}},"8":{"start":{"line":153,"column":8},"end":{"line":153,"column":30}},"9":{"start":{"line":156,"column":8},"end":{"line":156,"column":24}},"10":{"start":{"line":168,"column":8},"end":{"line":168,"column":67}},"11":{"start":{"line":169,"column":8},"end":{"line":169,"column":4829}},"12":{"start":{"line":175,"column":8},"end":{"line":175,"column":5124}},"13":{"start":{"line":185,"column":8},"end":{"line":185,"column":5483}},"14":{"start":{"line":186,"column":10},"end":{"line":186,"column":33}},"15":{"start":{"line":189,"column":8},"end":{"line":189,"column":112}},"16":{"start":{"line":201,"column":8},"end":{"line":201,"column":57}},"17":{"start":{"line":202,"column":8},"end":{"line":202,"column":6092}},"18":{"start":{"line":206,"column":8},"end":{"line":206,"column":49}},"19":{"start":{"line":207,"column":8},"end":{"line":207,"column":113}},"20":{"start":{"line":208,"column":8},"end":{"line":208,"column":69}},"21":{"start":{"line":214,"column":8},"end":{"line":214,"column":75}},"22":{"start":{"line":215,"column":8},"end":{"line":215,"column":114}},"23":{"start":{"line":220,"column":8},"end":{"line":220,"column":57}},"24":{"start":{"line":221,"column":8},"end":{"line":221,"column":49}},"25":{"start":{"line":222,"column":8},"end":{"line":222,"column":113}},"26":{"start":{"line":223,"column":8},"end":{"line":223,"column":43}},"27":{"start":{"line":224,"column":8},"end":{"line":224,"column":66}},"28":{"start":{"line":231,"column":4},"end":{"line":231,"column":70}},"29":{"start":{"line":232,"column":8},"end":{"line":232,"column":114}},"30":{"start":{"line":237,"column":5},"end":{"line":237,"column":53}},"31":{"start":{"line":238,"column":0},"end":{"line":238,"column":7814}},"32":{"start":{"line":242,"column":0},"end":{"line":242,"column":15}},"33":{"start":{"line":247,"column":4},"end":{"line":247,"column":67}},"34":{"start":{"line":248,"column":4},"end":{"line":248,"column":8071}},"35":{"start":{"line":252,"column":4},"end":{"line":252,"column":26}}},"branchMap":{"1":{"line":17,"type":"if","locations":[{"start":{"line":17,"column":34},"end":{"line":17,"column":34}},{"start":{"line":17,"column":34},"end":{"line":17,"column":34}}]},"2":{"line":26,"type":"if","locations":[{"start":{"line":26,"column":69},"end":{"line":26,"column":69}},{"start":{"line":26,"column":69},"end":{"line":26,"column":69}}]},"3":{"line":27,"type":"if","locations":[{"start":{"line":27,"column":25},"end":{"line":27,"column":25}},{"start":{"line":27,"column":25},"end":{"line":27,"column":25}}]},"4":{"line":31,"type":"if","locations":[{"start":{"line":31,"column":30},"end":{"line":31,"column":30}},{"start":{"line":31,"column":30},"end":{"line":31,"column":30}}]},"5":{"line":116,"type":"if","locations":[{"start":{"line":116,"column":36},"end":{"line":116,"column":36}},{"start":{"line":116,"column":36},"end":{"line":116,"column":36}}]},"6":{"line":116,"type":"if","locations":[{"start":{"line":116,"column":46},"end":{"line":116,"column":46}},{"start":{"line":116,"column":46},"end":{"line":116,"column":46}}]},"7":{"line":120,"type":"if","locations":[{"start":{"line":120,"column":38},"end":{"line":120,"column":38}},{"start":{"line":120,"column":38},"end":{"line":120,"column":38}}]},"8":{"line":120,"type":"if","locations":[{"start":{"line":120,"column":48},"end":{"line":120,"column":48}},{"start":{"line":120,"column":48},"end":{"line":120,"column":48}}]},"9":{"line":128,"type":"if","locations":[{"start":{"line":128,"column":13},"end":{"line":128,"column":13}},{"start":{"line":128,"column":13},"end":{"line":128,"column":13}}]},"10":{"line":128,"type":"if","locations":[{"start":{"line":128,"column":27},"end":{"line":128,"column":27}},{"start":{"line":128,"column":27},"end":{"line":128,"column":27}}]},"11":{"line":167,"type":"if","locations":[{"start":{"line":167,"column":58},"end":{"line":167,"column":58}},{"start":{"line":167,"column":58},"end":{"line":167,"column":58}}]},"12":{"line":168,"type":"if","locations":[{"start":{"line":168,"column":8},"end":{"line":168,"column":8}},{"start":{"line":168,"column":8},"end":{"line":168,"column":8}}]},"13":{"line":169,"type":"if","locations":[{"start":{"line":169,"column":8},"end":{"line":169,"column":8}},{"start":{"line":169,"column":8},"end":{"line":169,"column":8}}]},"14":{"line":185,"type":"if","locations":[{"start":{"line":185,"column":8},"end":{"line":185,"column":8}},{"start":{"line":185,"column":8},"end":{"line":185,"column":8}}]},"15":{"line":200,"type":"if","locations":[{"start":{"line":200,"column":60},"end":{"line":200,"column":60}},{"start":{"line":200,"column":60},"end":{"line":200,"column":60}}]},"16":{"line":202,"type":"if","locations":[{"start":{"line":202,"column":8},"end":{"line":202,"column":8}},{"start":{"line":202,"column":8},"end":{"line":202,"column":8}}]},"17":{"line":206,"type":"if","locations":[{"start":{"line":206,"column":8},"end":{"line":206,"column":8}},{"start":{"line":206,"column":8},"end":{"line":206,"column":8}}]},"18":{"line":207,"type":"if","locations":[{"start":{"line":207,"column":8},"end":{"line":207,"column":8}},{"start":{"line":207,"column":8},"end":{"line":207,"column":8}}]},"19":{"line":208,"type":"if","locations":[{"start":{"line":208,"column":8},"end":{"line":208,"column":8}},{"start":{"line":208,"column":8},"end":{"line":208,"column":8}}]},"20":{"line":218,"type":"if","locations":[{"start":{"line":218,"column":42},"end":{"line":218,"column":42}},{"start":{"line":218,"column":42},"end":{"line":218,"column":42}}]},"21":{"line":221,"type":"if","locations":[{"start":{"line":221,"column":8},"end":{"line":221,"column":8}},{"start":{"line":221,"column":8},"end":{"line":221,"column":8}}]},"22":{"line":222,"type":"if","locations":[{"start":{"line":222,"column":8},"end":{"line":222,"column":8}},{"start":{"line":222,"column":8},"end":{"line":222,"column":8}}]},"23":{"line":223,"type":"if","locations":[{"start":{"line":223,"column":8},"end":{"line":223,"column":8}},{"start":{"line":223,"column":8},"end":{"line":223,"column":8}}]},"24":{"line":224,"type":"if","locations":[{"start":{"line":224,"column":8},"end":{"line":224,"column":8}},{"start":{"line":224,"column":8},"end":{"line":224,"column":8}}]}}},
"contracts/LPfortron.sol":{"l":{"12":0,"16":0,"101":0,"105":0,"113":0,"114":0,"126":0,"137":0,"140":0,"152":0,"153":0,"154":0,"160":0,"165":0,"166":0,"167":0,"168":0,"169":0,"170":0,"171":0,"172":0,"175":0,"187":0,"188":0,"192":0,"193":0,"194":0,"195":0,"196":0,"197":0,"198":0,"199":0,"201":0,"202":0,"207":0,"208":0,"209":0,"210":0,"211":0,"212":0,"213":0,"214":0,"215":0,"216":0,"218":0,"219":0,"224":0,"225":0,"227":0,"229":0,"234":0,"235":0,"237":0,"239":0},"path":"/workspaces/ChaiDex-Contracts-1/contracts/LPfortron.sol","s":{"1":0,"2":0,"3":0,"4":0,"5":0,"6":0,"7":0,"8":0,"9":0,"10":0,"11":0,"12":0,"13":0,"14":0,"15":0,"16":0,"17":0,"18":0,"19":0,"20":0,"21":0,"22":0,"23":0,"24":0,"25":0,"26":0,"27":0,"28":0,"29":0,"30":0,"31":0},"b":{"1":[0,0],"2":[0,0],"3":[0,0],"4":[0,0],"5":[0,0],"6":[0,0],"7":[0,0],"8":[0,0],"9":[0,0],"10":[0,0],"11":[0,0],"12":[0,0],"13":[0,0],"14":[0,0],"15":[0,0],"16":[0,0],"17":[0,0],"18":[0,0],"19":[0,0],"20":[0,0],"21":[0,0],"22":[0,0]},"f":{"1":0,"2":0,"3":0,"4":0,"5":0,"6":0,"7":0,"8":0,"9":0,"10":0,"11":0,"12":0,"13":0,"14":0},"fnMap":{"1":{"name":"unpause","line":11,"loc":{"start":{"line":11,"column":4},"end":{"line":13,"column":4}}},"2":{"name":"pause","line":15,"loc":{"start":{"line":15,"column":4},"end":{"line":17,"column":4}}},"3":{"name":"constructor","line":18,"loc":{"start":{"line":18,"column":1},"end":{"line":18,"column":16}}},"4":{"name":"setEpoch","line":100,"loc":{"start":{"line":100,"column":0},"end":{"line":102,"column":0}}},"5":{"name":"setUnstake","line":104,"loc":{"start":{"line":104,"column":0},"end":{"line":106,"column":0}}},"6":{"name":"setUSDAddress","line":112,"loc":{"start":{"line":108,"column":4},"end":{"line":116,"column":4}}},"7":{"name":"stake","line":125,"loc":{"start":{"line":125,"column":4},"end":{"line":127,"column":4}}},"8":{"name":"unstake","line":136,"loc":{"start":{"line":136,"column":4},"end":{"line":138,"column":4}}},"9":{"name":"unstakeAll","line":139,"loc":{"start":{"line":139,"column":4},"end":{"line":141,"column":4}}},"10":{"name":"_stake","line":151,"loc":{"start":{"line":151,"column":4},"end":{"line":176,"column":4}}},"11":{"name":"_unStake","line":186,"loc":{"start":{"line":186,"column":4},"end":{"line":204,"column":4}}},"12":{"name":"_unstakeAll","line":205,"loc":{"start":{"line":205,"column":0},"end":{"line":221,"column":0}}},"13":{"name":"getLPbalance","line":223,"loc":{"start":{"line":223,"column":0},"end":{"line":231,"column":0}}},"14":{"name":"GetStakers","line":233,"loc":{"start":{"line":233,"column":0},"end":{"line":240,"column":0}}}},"statementMap":{"1":{"start":{"line":12,"column":8},"end":{"line":12,"column":17}},"2":{"start":{"line":16,"column":8},"end":{"line":16,"column":15}},"3":{"start":{"line":126,"column":8},"end":{"line":126,"column":28}},"4":{"start":{"line":137,"column":8},"end":{"line":137,"column":30}},"5":{"start":{"line":140,"column":8},"end":{"line":140,"column":24}},"6":{"start":{"line":152,"column":8},"end":{"line":152,"column":67}},"7":{"start":{"line":153,"column":8},"end":{"line":153,"column":4082}},"8":{"start":{"line":160,"column":8},"end":{"line":160,"column":4378}},"9":{"start":{"line":170,"column":8},"end":{"line":170,"column":4725}},"10":{"start":{"line":171,"column":10},"end":{"line":171,"column":33}},"11":{"start":{"line":175,"column":9},"end":{"line":175,"column":113}},"12":{"start":{"line":187,"column":8},"end":{"line":187,"column":57}},"13":{"start":{"line":188,"column":8},"end":{"line":188,"column":5336}},"14":{"start":{"line":192,"column":8},"end":{"line":192,"column":49}},"15":{"start":{"line":193,"column":8},"end":{"line":193,"column":113}},"16":{"start":{"line":194,"column":8},"end":{"line":194,"column":69}},"17":{"start":{"line":201,"column":8},"end":{"line":201,"column":64}},"18":{"start":{"line":202,"column":8},"end":{"line":202,"column":114}},"19":{"start":{"line":207,"column":8},"end":{"line":207,"column":57}},"20":{"start":{"line":208,"column":8},"end":{"line":208,"column":49}},"21":{"start":{"line":209,"column":8},"end":{"line":209,"column":113}},"22":{"start":{"line":210,"column":8},"end":{"line":210,"column":43}},"23":{"start":{"line":211,"column":8},"end":{"line":211,"column":66}},"24":{"start":{"line":218,"column":8},"end":{"line":218,"column":63}},"25":{"start":{"line":219,"column":8},"end":{"line":219,"column":114}},"26":{"start":{"line":224,"column":5},"end":{"line":224,"column":53}},"27":{"start":{"line":225,"column":0},"end":{"line":225,"column":7041}},"28":{"start":{"line":229,"column":0},"end":{"line":229,"column":15}},"29":{"start":{"line":234,"column":4},"end":{"line":234,"column":67}},"30":{"start":{"line":235,"column":4},"end":{"line":235,"column":7296}},"31":{"start":{"line":239,"column":4},"end":{"line":239,"column":26}}},"branchMap":{"1":{"line":11,"type":"if","locations":[{"start":{"line":11,"column":30},"end":{"line":11,"column":30}},{"start":{"line":11,"column":30},"end":{"line":11,"column":30}}]},"2":{"line":15,"type":"if","locations":[{"start":{"line":15,"column":28},"end":{"line":15,"column":28}},{"start":{"line":15,"column":28},"end":{"line":15,"column":28}}]},"3":{"line":100,"type":"if","locations":[{"start":{"line":100,"column":36},"end":{"line":100,"column":36}},{"start":{"line":100,"column":36},"end":{"line":100,"column":36}}]},"4":{"line":100,"type":"if","locations":[{"start":{"line":100,"column":46},"end":{"line":100,"column":46}},{"start":{"line":100,"column":46},"end":{"line":100,"column":46}}]},"5":{"line":104,"type":"if","locations":[{"start":{"line":104,"column":38},"end":{"line":104,"column":38}},{"start":{"line":104,"column":38},"end":{"line":104,"column":38}}]},"6":{"line":104,"type":"if","locations":[{"start":{"line":104,"column":48},"end":{"line":104,"column":48}},{"start":{"line":104,"column":48},"end":{"line":104,"column":48}}]},"7":{"line":112,"type":"if","locations":[{"start":{"line":112,"column":13},"end":{"line":112,"column":13}},{"start":{"line":112,"column":13},"end":{"line":112,"column":13}}]},"8":{"line":112,"type":"if","locations":[{"start":{"line":112,"column":27},"end":{"line":112,"column":27}},{"start":{"line":112,"column":27},"end":{"line":112,"column":27}}]},"9":{"line":151,"type":"if","locations":[{"start":{"line":151,"column":58},"end":{"line":151,"column":58}},{"start":{"line":151,"column":58},"end":{"line":151,"column":58}}]},"10":{"line":152,"type":"if","locations":[{"start":{"line":152,"column":8},"end":{"line":152,"column":8}},{"start":{"line":152,"column":8},"end":{"line":152,"column":8}}]},"11":{"line":153,"type":"if","locations":[{"start":{"line":153,"column":8},"end":{"line":153,"column":8}},{"start":{"line":153,"column":8},"end":{"line":153,"column":8}}]},"12":{"line":170,"type":"if","locations":[{"start":{"line":170,"column":8},"end":{"line":170,"column":8}},{"start":{"line":170,"column":8},"end":{"line":170,"column":8}}]},"13":{"line":186,"type":"if","locations":[{"start":{"line":186,"column":60},"end":{"line":186,"column":60}},{"start":{"line":186,"column":60},"end":{"line":186,"column":60}}]},"14":{"line":188,"type":"if","locations":[{"start":{"line":188,"column":8},"end":{"line":188,"column":8}},{"start":{"line":188,"column":8},"end":{"line":188,"column":8}}]},"15":{"line":192,"type":"if","locations":[{"start":{"line":192,"column":8},"end":{"line":192,"column":8}},{"start":{"line":192,"column":8},"end":{"line":192,"column":8}}]},"16":{"line":193,"type":"if","locations":[{"start":{"line":193,"column":8},"end":{"line":193,"column":8}},{"start":{"line":193,"column":8},"end":{"line":193,"column":8}}]},"17":{"line":194,"type":"if","locations":[{"start":{"line":194,"column":8},"end":{"line":194,"column":8}},{"start":{"line":194,"column":8},"end":{"line":194,"column":8}}]},"18":{"line":205,"type":"if","locations":[{"start":{"line":205,"column":42},"end":{"line":205,"column":42}},{"start":{"line":205,"column":42},"end":{"line":205,"column":42}}]},"19":{"line":208,"type":"if","locations":[{"start":{"line":208,"column":8},"end":{"line":208,"column":8}},{"start":{"line":208,"column":8},"end":{"line":208,"column":8}}]},"20":{"line":209,"type":"if","locations":[{"start":{"line":209,"column":8},"end":{"line":209,"column":8}},{"start":{"line":209,"column":8},"end":{"line":209,"column":8}}]},"21":{"line":210,"type":"if","locations":[{"start":{"line":210,"column":8},"end":{"line":210,"column":8}},{"start":{"line":210,"column":8},"end":{"line":210,"column":8}}]},"22":{"line":211,"type":"if","locations":[{"start":{"line":211,"column":8},"end":{"line":211,"column":8}},{"start":{"line":211,"column":8},"end":{"line":211,"column":8}}]}}},
"contracts/p2pERC.sol":{"l":{"14":0,"15":0,"16":0,"29":0,"33":0,"37":0,"90":0,"91":0,"95":0,"96":0,"97":0,"98":0,"99":0,"100":0,"108":0,"109":0,"110":0,"115":0,"116":0,"117":0,"118":0,"119":0,"130":0,"131":0,"132":0,"136":0,"137":0,"138":0,"139":0,"140":0,"141":0,"142":0,"154":0,"155":0,"156":0,"160":0,"161":0,"162":0,"163":0,"165":0,"166":0,"167":0,"168":0,"169":0,"170":0,"171":0,"172":0,"173":0,"174":0,"175":0,"176":0,"177":0,"179":0,"180":0,"181":0,"184":0,"185":0,"186":0,"187":0,"188":0,"193":0,"194":0,"195":0,"196":0,"197":0,"198":0,"199":0,"200":0,"201":0,"202":0,"203":0,"204":0,"205":0,"206":0,"207":0,"208":0,"209":0,"210":0,"211":0,"212":0,"213":0,"214":0,"215":0,"216":0,"217":0,"218":0,"247":0,"248":0,"249":0,"250":0,"251":0,"252":0,"253":0,"254":0,"255":0,"256":0,"257":0,"258":0,"259":0,"260":0,"261":0,"293":0,"294":0,"295":0},"path":"/workspaces/ChaiDex-Contracts-1/contracts/p2pERC.sol","s":{"1":0,"2":0,"3":0,"4":0,"5":0,"6":0,"7":0,"8":0,"9":0,"10":0,"11":0,"12":0,"13":0,"14":0,"15":0,"16":0,"17":0,"18":0,"19":0,"20":0,"21":0,"22":0,"23":0,"24":0,"25":0,"26":0,"27":0,"28":0,"29":0,"30":0,"31":0,"32":0,"33":0,"34":0,"35":0,"36":0,"37":0,"38":0,"39":0,"40":0,"41":0,"42":0,"43":0,"44":0,"45":0,"46":0,"47":0,"48":0,"49":0,"50":0,"51":0,"52":0,"53":0,"54":0,"55":0,"56":0,"57":0,"58":0,"59":0,"60":0,"61":0,"62":0,"63":0,"64":0,"65":0,"66":0,"67":0,"68":0,"69":0,"70":0,"71":0,"72":0,"73":0,"74":0},"b":{"1":[0,0],"2":[0,0],"3":[0,0],"4":[0,0],"5":[0,0],"6":[0,0],"7":[0,0],"8":[0,0],"9":[0,0],"10":[0,0],"11":[0,0],"12":[0,0],"13":[0,0],"14":[0,0],"15":[0,0],"16":[0,0],"17":[0,0],"18":[0,0],"19":[0,0],"20":[0,0],"21":[0,0],"22":[0,0],"23":[0,0],"24":[0,0],"25":[0,0],"26":[0,0],"27":[0,0],"28":[0,0],"29":[0,0],"30":[0,0],"31":[0,0],"32":[0,0],"33":[0,0],"34":[0,0],"35":[0,0],"36":[0,0],"37":[0,0],"38":[0,0],"39":[0,0],"40":[0,0],"41":[0,0],"42":[0,0],"43":[0,0],"44":[0,0],"45":[0,0],"46":[0,0],"47":[0,0],"48":[0,0],"49":[0,0],"50":[0,0],"51":[0,0]},"f":{"1":0,"2":0,"3":0,"4":0,"5":0,"6":0,"7":0,"8":0,"9":0,"10":0,"11":0,"12":0,"13":0},"fnMap":{"1":{"name":"initialize","line":13,"loc":{"start":{"line":13,"column":5},"end":{"line":17,"column":3}}},"2":{"name":"constructor","line":28,"loc":{"start":{"line":28,"column":4},"end":{"line":30,"column":4}}},"3":{"name":"_authorizeUpgrade","line":31,"loc":{"start":{"line":31,"column":3},"end":{"line":31,"column":80}}},"4":{"name":"pause","line":32,"loc":{"start":{"line":32,"column":1},"end":{"line":34,"column":4}}},"5":{"name":"unpause","line":36,"loc":{"start":{"line":36,"column":4},"end":{"line":38,"column":4}}},"6":{"name":"setERCAddress","line":89,"loc":{"start":{"line":85,"column":3},"end":{"line":92,"column":4}}},"7":{"name":"setSwapID","line":93,"loc":{"start":{"line":93,"column":4},"end":{"line":111,"column":4}}},"8":{"name":"setTradeCloneID","line":113,"loc":{"start":{"line":113,"column":4},"end":{"line":133,"column":4}}},"9":{"name":"depositSeller","line":135,"loc":{"start":{"line":135,"column":1},"end":{"line":157,"column":0}}},"10":{"name":"depositBuyer","line":159,"loc":{"start":{"line":159,"column":4},"end":{"line":189,"column":4}}},"11":{"name":"withDrawBuyer","line":191,"loc":{"start":{"line":191,"column":4},"end":{"line":219,"column":4}}},"12":{"name":"refundSeller","line":246,"loc":{"start":{"line":246,"column":4},"end":{"line":262,"column":4}}},"13":{"name":"withdrawFee","line":291,"loc":{"start":{"line":291,"column":0},"end":{"line":297,"column":0}}}},"statementMap":{"1":{"start":{"line":14,"column":7},"end":{"line":14,"column":30}},"2":{"start":{"line":15,"column":7},"end":{"line":15,"column":22}},"3":{"start":{"line":16,"column":7},"end":{"line":16,"column":23}},"4":{"start":{"line":29,"column":8},"end":{"line":29,"column":29}},"5":{"start":{"line":33,"column":8},"end":{"line":33,"column":15}},"6":{"start":{"line":37,"column":8},"end":{"line":37,"column":17}},"7":{"start":{"line":95,"column":8},"end":{"line":95,"column":59}},"8":{"start":{"line":96,"column":8},"end":{"line":96,"column":76}},"9":{"start":{"line":97,"column":8},"end":{"line":97,"column":56}},"10":{"start":{"line":98,"column":8},"end":{"line":98,"column":78}},"11":{"start":{"line":99,"column":8},"end":{"line":99,"column":25}},"12":{"start":{"line":100,"column":8},"end":{"line":100,"column":3625}},"13":{"start":{"line":110,"column":8},"end":{"line":110,"column":36}},"14":{"start":{"line":115,"column":8},"end":{"line":115,"column":80}},"15":{"start":{"line":116,"column":8},"end":{"line":116,"column":51}},"16":{"start":{"line":117,"column":8},"end":{"line":117,"column":33}},"17":{"start":{"line":118,"column":7},"end":{"line":118,"column":55}},"18":{"start":{"line":119,"column":8},"end":{"line":119,"column":4337}},"19":{"start":{"line":132,"column":8},"end":{"line":132,"column":43}},"20":{"start":{"line":136,"column":0},"end":{"line":136,"column":42}},"21":{"start":{"line":137,"column":0},"end":{"line":137,"column":50}},"22":{"start":{"line":138,"column":0},"end":{"line":138,"column":40}},"23":{"start":{"line":139,"column":0},"end":{"line":139,"column":44}},"24":{"start":{"line":140,"column":0},"end":{"line":140,"column":43}},"25":{"start":{"line":142,"column":2},"end":{"line":142,"column":5112}},"26":{"start":{"line":154,"column":2},"end":{"line":154,"column":103}},"27":{"start":{"line":156,"column":2},"end":{"line":156,"column":40}},"28":{"start":{"line":160,"column":8},"end":{"line":160,"column":49}},"29":{"start":{"line":161,"column":8},"end":{"line":161,"column":57}},"30":{"start":{"line":162,"column":8},"end":{"line":162,"column":79}},"31":{"start":{"line":165,"column":8},"end":{"line":165,"column":84}},"32":{"start":{"line":167,"column":8},"end":{"line":167,"column":53}},"33":{"start":{"line":168,"column":8},"end":{"line":168,"column":67}},"34":{"start":{"line":169,"column":8},"end":{"line":169,"column":34}},"35":{"start":{"line":170,"column":8},"end":{"line":170,"column":52}},"36":{"start":{"line":171,"column":8},"end":{"line":171,"column":95}},"37":{"start":{"line":172,"column":8},"end":{"line":172,"column":67}},"38":{"start":{"line":173,"column":9},"end":{"line":173,"column":51}},"39":{"start":{"line":174,"column":9},"end":{"line":174,"column":42}},"40":{"start":{"line":175,"column":9},"end":{"line":175,"column":50}},"41":{"start":{"line":176,"column":9},"end":{"line":176,"column":52}},"42":{"start":{"line":177,"column":9},"end":{"line":177,"column":6526}},"43":{"start":{"line":179,"column":14},"end":{"line":179,"column":117}},"44":{"start":{"line":186,"column":8},"end":{"line":186,"column":108}},"45":{"start":{"line":188,"column":8},"end":{"line":188,"column":49}},"46":{"start":{"line":193,"column":8},"end":{"line":193,"column":55}},"47":{"start":{"line":195,"column":8},"end":{"line":195,"column":48}},"48":{"start":{"line":196,"column":8},"end":{"line":196,"column":58}},"49":{"start":{"line":197,"column":8},"end":{"line":197,"column":44}},"50":{"start":{"line":198,"column":8},"end":{"line":198,"column":80}},"51":{"start":{"line":200,"column":8},"end":{"line":200,"column":57}},"52":{"start":{"line":201,"column":8},"end":{"line":201,"column":34}},"53":{"start":{"line":202,"column":8},"end":{"line":202,"column":52}},"54":{"start":{"line":203,"column":8},"end":{"line":203,"column":49}},"55":{"start":{"line":204,"column":8},"end":{"line":204,"column":41}},"56":{"start":{"line":205,"column":8},"end":{"line":205,"column":76}},"57":{"start":{"line":206,"column":8},"end":{"line":206,"column":65}},"58":{"start":{"line":207,"column":8},"end":{"line":207,"column":96}},"59":{"start":{"line":208,"column":8},"end":{"line":208,"column":110}},"60":{"start":{"line":214,"column":8},"end":{"line":214,"column":60}},"61":{"start":{"line":217,"column":8},"end":{"line":217,"column":85}},"62":{"start":{"line":218,"column":8},"end":{"line":218,"column":51}},"63":{"start":{"line":247,"column":9},"end":{"line":247,"column":75}},"64":{"start":{"line":249,"column":8},"end":{"line":249,"column":50}},"65":{"start":{"line":250,"column":8},"end":{"line":250,"column":54}},"66":{"start":{"line":251,"column":8},"end":{"line":251,"column":55}},"67":{"start":{"line":252,"column":8},"end":{"line":252,"column":79}},"68":{"start":{"line":253,"column":8},"end":{"line":253,"column":67}},"69":{"start":{"line":255,"column":8},"end":{"line":255,"column":43}},"70":{"start":{"line":258,"column":7},"end":{"line":258,"column":50}},"71":{"start":{"line":260,"column":9},"end":{"line":260,"column":92}},"72":{"start":{"line":261,"column":9},"end":{"line":261,"column":46}},"73":{"start":{"line":293,"column":4},"end":{"line":293,"column":54}},"74":{"start":{"line":295,"column":4},"end":{"line":295,"column":94}}},"branchMap":{"1":{"line":13,"type":"if","locations":[{"start":{"line":13,"column":34},"end":{"line":13,"column":34}},{"start":{"line":13,"column":34},"end":{"line":13,"column":34}}]},"2":{"line":31,"type":"if","locations":[{"start":{"line":31,"column":69},"end":{"line":31,"column":69}},{"start":{"line":31,"column":69},"end":{"line":31,"column":69}}]},"3":{"line":32,"type":"if","locations":[{"start":{"line":32,"column":25},"end":{"line":32,"column":25}},{"start":{"line":32,"column":25},"end":{"line":32,"column":25}}]},"4":{"line":36,"type":"if","locations":[{"start":{"line":36,"column":30},"end":{"line":36,"column":30}},{"start":{"line":36,"column":30},"end":{"line":36,"column":30}}]},"5":{"line":89,"type":"if","locations":[{"start":{"line":89,"column":13},"end":{"line":89,"column":13}},{"start":{"line":89,"column":13},"end":{"line":89,"column":13}}]},"6":{"line":89,"type":"if","locations":[{"start":{"line":89,"column":27},"end":{"line":89,"column":27}},{"start":{"line":89,"column":27},"end":{"line":89,"column":27}}]},"7":{"line":93,"type":"if","locations":[{"start":{"line":93,"column":119},"end":{"line":93,"column":119}},{"start":{"line":93,"column":119},"end":{"line":93,"column":119}}]},"8":{"line":93,"type":"if","locations":[{"start":{"line":93,"column":129},"end":{"line":93,"column":129}},{"start":{"line":93,"column":129},"end":{"line":93,"column":129}}]},"9":{"line":95,"type":"if","locations":[{"start":{"line":95,"column":8},"end":{"line":95,"column":8}},{"start":{"line":95,"column":8},"end":{"line":95,"column":8}}]},"10":{"line":96,"type":"if","locations":[{"start":{"line":96,"column":8},"end":{"line":96,"column":8}},{"start":{"line":96,"column":8},"end":{"line":96,"column":8}}]},"11":{"line":97,"type":"if","locations":[{"start":{"line":97,"column":8},"end":{"line":97,"column":8}},{"start":{"line":97,"column":8},"end":{"line":97,"column":8}}]},"12":{"line":98,"type":"if","locations":[{"start":{"line":98,"column":8},"end":{"line":98,"column":8}},{"start":{"line":98,"column":8},"end":{"line":98,"column":8}}]},"13":{"line":113,"type":"if","locations":[{"start":{"line":113,"column":148},"end":{"line":113,"column":148}},{"start":{"line":113,"column":148},"end":{"line":113,"column":148}}]},"14":{"line":113,"type":"if","locations":[{"start":{"line":113,"column":158},"end":{"line":113,"column":158}},{"start":{"line":113,"column":158},"end":{"line":113,"column":158}}]},"15":{"line":115,"type":"if","locations":[{"start":{"line":115,"column":8},"end":{"line":115,"column":8}},{"start":{"line":115,"column":8},"end":{"line":115,"column":8}}]},"16":{"line":116,"type":"if","locations":[{"start":{"line":116,"column":8},"end":{"line":116,"column":8}},{"start":{"line":116,"column":8},"end":{"line":116,"column":8}}]},"17":{"line":135,"type":"if","locations":[{"start":{"line":135,"column":113},"end":{"line":135,"column":113}},{"start":{"line":135,"column":113},"end":{"line":135,"column":113}}]},"18":{"line":136,"type":"if","locations":[{"start":{"line":136,"column":0},"end":{"line":136,"column":0}},{"start":{"line":136,"column":0},"end":{"line":136,"column":0}}]},"19":{"line":137,"type":"if","locations":[{"start":{"line":137,"column":0},"end":{"line":137,"column":0}},{"start":{"line":137,"column":0},"end":{"line":137,"column":0}}]},"20":{"line":138,"type":"if","locations":[{"start":{"line":138,"column":0},"end":{"line":138,"column":0}},{"start":{"line":138,"column":0},"end":{"line":138,"column":0}}]},"21":{"line":139,"type":"if","locations":[{"start":{"line":139,"column":0},"end":{"line":139,"column":0}},{"start":{"line":139,"column":0},"end":{"line":139,"column":0}}]},"22":{"line":159,"type":"if","locations":[{"start":{"line":159,"column":63},"end":{"line":159,"column":63}},{"start":{"line":159,"column":63},"end":{"line":159,"column":63}}]},"23":{"line":160,"type":"if","locations":[{"start":{"line":160,"column":8},"end":{"line":160,"column":8}},{"start":{"line":160,"column":8},"end":{"line":160,"column":8}}]},"24":{"line":161,"type":"if","locations":[{"start":{"line":161,"column":8},"end":{"line":161,"column":8}},{"start":{"line":161,"column":8},"end":{"line":161,"column":8}}]},"25":{"line":162,"type":"if","locations":[{"start":{"line":162,"column":8},"end":{"line":162,"column":8}},{"start":{"line":162,"column":8},"end":{"line":162,"column":8}}]},"26":{"line":165,"type":"if","locations":[{"start":{"line":165,"column":8},"end":{"line":165,"column":8}},{"start":{"line":165,"column":8},"end":{"line":165,"column":8}}]},"27":{"line":168,"type":"if","locations":[{"start":{"line":168,"column":8},"end":{"line":168,"column":8}},{"start":{"line":168,"column":8},"end":{"line":168,"column":8}}]},"28":{"line":170,"type":"if","locations":[{"start":{"line":170,"column":8},"end":{"line":170,"column":8}},{"start":{"line":170,"column":8},"end":{"line":170,"column":8}}]},"29":{"line":171,"type":"if","locations":[{"start":{"line":171,"column":8},"end":{"line":171,"column":8}},{"start":{"line":171,"column":8},"end":{"line":171,"column":8}}]},"30":{"line":172,"type":"if","locations":[{"start":{"line":172,"column":8},"end":{"line":172,"column":8}},{"start":{"line":172,"column":8},"end":{"line":172,"column":8}}]},"31":{"line":176,"type":"if","locations":[{"start":{"line":176,"column":9},"end":{"line":176,"column":9}},{"start":{"line":176,"column":9},"end":{"line":176,"column":9}}]},"32":{"line":177,"type":"if","locations":[{"start":{"line":177,"column":9},"end":{"line":177,"column":9}},{"start":{"line":177,"column":9},"end":{"line":177,"column":9}}]},"33":{"line":191,"type":"if","locations":[{"start":{"line":191,"column":47},"end":{"line":191,"column":47}},{"start":{"line":191,"column":47},"end":{"line":191,"column":47}}]},"34":{"line":193,"type":"if","locations":[{"start":{"line":193,"column":8},"end":{"line":193,"column":8}},{"start":{"line":193,"column":8},"end":{"line":193,"column":8}}]},"35":{"line":196,"type":"if","locations":[{"start":{"line":196,"column":8},"end":{"line":196,"column":8}},{"start":{"line":196,"column":8},"end":{"line":196,"column":8}}]},"36":{"line":198,"type":"if","locations":[{"start":{"line":198,"column":8},"end":{"line":198,"column":8}},{"start":{"line":198,"column":8},"end":{"line":198,"column":8}}]},"37":{"line":202,"type":"if","locations":[{"start":{"line":202,"column":8},"end":{"line":202,"column":8}},{"start":{"line":202,"column":8},"end":{"line":202,"column":8}}]},"38":{"line":203,"type":"if","locations":[{"start":{"line":203,"column":8},"end":{"line":203,"column":8}},{"start":{"line":203,"column":8},"end":{"line":203,"column":8}}]},"39":{"line":204,"type":"if","locations":[{"start":{"line":204,"column":8},"end":{"line":204,"column":8}},{"start":{"line":204,"column":8},"end":{"line":204,"column":8}}]},"40":{"line":205,"type":"if","locations":[{"start":{"line":205,"column":8},"end":{"line":205,"column":8}},{"start":{"line":205,"column":8},"end":{"line":205,"column":8}}]},"41":{"line":207,"type":"if","locations":[{"start":{"line":207,"column":8},"end":{"line":207,"column":8}},{"start":{"line":207,"column":8},"end":{"line":207,"column":8}}]},"42":{"line":208,"type":"if","locations":[{"start":{"line":208,"column":8},"end":{"line":208,"column":8}},{"start":{"line":208,"column":8},"end":{"line":208,"column":8}}]},"43":{"line":246,"type":"if","locations":[{"start":{"line":246,"column":46},"end":{"line":246,"column":46}},{"start":{"line":246,"column":46},"end":{"line":246,"column":46}}]},"44":{"line":247,"type":"if","locations":[{"start":{"line":247,"column":9},"end":{"line":247,"column":9}},{"start":{"line":247,"column":9},"end":{"line":247,"column":9}}]},"45":{"line":250,"type":"if","locations":[{"start":{"line":250,"column":8},"end":{"line":250,"column":8}},{"start":{"line":250,"column":8},"end":{"line":250,"column":8}}]},"46":{"line":251,"type":"if","locations":[{"start":{"line":251,"column":8},"end":{"line":251,"column":8}},{"start":{"line":251,"column":8},"end":{"line":251,"column":8}}]},"47":{"line":252,"type":"if","locations":[{"start":{"line":252,"column":8},"end":{"line":252,"column":8}},{"start":{"line":252,"column":8},"end":{"line":252,"column":8}}]},"48":{"line":253,"type":"if","locations":[{"start":{"line":253,"column":8},"end":{"line":253,"column":8}},{"start":{"line":253,"column":8},"end":{"line":253,"column":8}}]},"49":{"line":291,"type":"if","locations":[{"start":{"line":291,"column":42},"end":{"line":291,"column":42}},{"start":{"line":291,"column":42},"end":{"line":291,"column":42}}]},"50":{"line":291,"type":"if","locations":[{"start":{"line":291,"column":52},"end":{"line":291,"column":52}},{"start":{"line":291,"column":52},"end":{"line":291,"column":52}}]},"51":{"line":293,"type":"if","locations":[{"start":{"line":293,"column":4},"end":{"line":293,"column":4}},{"start":{"line":293,"column":4},"end":{"line":293,"column":4}}]}}},
"contracts/P2PINRC.sol":{"l":{"14":3,"15":3,"16":3,"29":3,"33":0,"37":0,"92":1,"93":1,"99":0,"100":0,"101":0,"102":0,"103":0,"109":0,"110":0,"111":0,"112":0,"113":0,"114":0,"115":0,"123":0,"124":0,"125":0,"130":0,"131":0,"132":0,"133":0,"134":0,"135":0,"145":0,"146":0,"147":0,"151":0,"152":0,"153":0,"154":0,"155":0,"156":0,"157":0,"158":0,"170":0,"171":0,"172":0,"176":0,"177":0,"178":0,"179":0,"180":0,"182":0,"183":0,"184":0,"185":0,"186":0,"187":0,"188":0,"189":0,"190":0,"191":0,"192":0,"193":0,"195":0,"196":0,"197":0,"200":0,"201":0,"202":0,"203":0,"204":0,"208":0,"209":0,"210":0,"211":0,"212":0,"213":0,"214":0,"215":0,"216":0,"217":0,"218":0,"219":0,"220":0,"221":0,"222":0,"223":0,"224":0,"225":0,"226":0,"227":0,"228":0,"229":0,"230":0,"231":0,"232":0,"233":0,"262":0,"263":0,"264":0,"265":0,"266":0,"267":0,"268":0,"269":0,"270":0,"271":0,"272":0,"273":0,"274":0,"275":0,"276":0,"308":0,"309":0,"310":0,"311":0,"312":0,"313":0},"path":"/workspaces/ChaiDex-Contracts-1/contracts/P2PINRC.sol","s":{"1":3,"2":3,"3":3,"4":3,"5":0,"6":0,"7":0,"8":0,"9":0,"10":0,"11":0,"12":0,"13":0,"14":0,"15":0,"16":0,"17":0,"18":0,"19":0,"20":0,"21":0,"22":0,"23":0,"24":0,"25":0,"26":0,"27":0,"28":0,"29":0,"30":0,"31":0,"32":0,"33":0,"34":0,"35":0,"36":0,"37":0,"38":0,"39":0,"40":0,"41":0,"42":0,"43":0,"44":0,"45":0,"46":0,"47":0,"48":0,"49":0,"50":0,"51":0,"52":0,"53":0,"54":0,"55":0,"56":0,"57":0,"58":0,"59":0,"60":0,"61":0,"62":0,"63":0,"64":0,"65":0,"66":0,"67":0,"68":0,"69":0,"70":0,"71":0,"72":0,"73":0,"74":0,"75":0,"76":0,"77":0,"78":0,"79":0,"80":0,"81":0,"82":0},"b":{"1":[3,0],"2":[0,0],"3":[0,0],"4":[0,0],"5":[1,0],"6":[1,0],"7":[0,0],"8":[0,0],"9":[0,0],"10":[0,0],"11":[0,0],"12":[0,0],"13":[0,0],"14":[0,0],"15":[0,0],"16":[0,0],"17":[0,0],"18":[0,0],"19":[0,0],"20":[0,0],"21":[0,0],"22":[0,0],"23":[0,0],"24":[0,0],"25":[0,0],"26":[0,0],"27":[0,0],"28":[0,0],"29":[0,0],"30":[0,0],"31":[0,0],"32":[0,0],"33":[0,0],"34":[0,0],"35":[0,0],"36":[0,0],"37":[0,0],"38":[0,0],"39":[0,0],"40":[0,0],"41":[0,0],"42":[0,0],"43":[0,0],"44":[0,0],"45":[0,0],"46":[0,0],"47":[0,0],"48":[0,0],"49":[0,0],"50":[0,0],"51":[0,0],"52":[0,0],"53":[0,0],"54":[0,0],"55":[0,0],"56":[0,0],"57":[0,0],"58":[0,0],"59":[0,0],"60":[0,0],"61":[0,0]},"f":{"1":3,"2":3,"3":0,"4":0,"5":0,"6":1,"7":0,"8":0,"9":0,"10":0,"11":0,"12":0,"13":0,"14":0},"fnMap":{"1":{"name":"initialize","line":13,"loc":{"start":{"line":13,"column":5},"end":{"line":17,"column":3}}},"2":{"name":"constructor","line":28,"loc":{"start":{"line":28,"column":4},"end":{"line":30,"column":4}}},"3":{"name":"_authorizeUpgrade","line":31,"loc":{"start":{"line":31,"column":3},"end":{"line":31,"column":80}}},"4":{"name":"pause","line":32,"loc":{"start":{"line":32,"column":1},"end":{"line":34,"column":4}}},"5":{"name":"unpause","line":36,"loc":{"start":{"line":36,"column":4},"end":{"line":38,"column":4}}},"6":{"name":"setINRCAddress","line":91,"loc":{"start":{"line":89,"column":3},"end":{"line":95,"column":4}}},"7":{"name":"PayFeeCHT","line":97,"loc":{"start":{"line":97,"column":4},"end":{"line":106,"column":4}}},"8":{"name":"setSwapID","line":107,"loc":{"start":{"line":107,"column":4},"end":{"line":126,"column":4}}},"9":{"name":"setTradeCloneID","line":128,"loc":{"start":{"line":128,"column":4},"end":{"line":148,"column":4}}},"10":{"name":"depositSeller","line":150,"loc":{"start":{"line":150,"column":1},"end":{"line":173,"column":0}}},"11":{"name":"depositBuyer","line":175,"loc":{"start":{"line":175,"column":4},"end":{"line":205,"column":4}}},"12":{"name":"withDrawBuyer","line":207,"loc":{"start":{"line":207,"column":4},"end":{"line":234,"column":4}}},"13":{"name":"refundSeller","line":261,"loc":{"start":{"line":261,"column":4},"end":{"line":277,"column":4}}},"14":{"name":"withdrawFee","line":306,"loc":{"start":{"line":306,"column":0},"end":{"line":315,"column":0}}}},"statementMap":{"1":{"start":{"line":14,"column":7},"end":{"line":14,"column":30}},"2":{"start":{"line":15,"column":7},"end":{"line":15,"column":22}},"3":{"start":{"line":16,"column":7},"end":{"line":16,"column":23}},"4":{"start":{"line":29,"column":8},"end":{"line":29,"column":29}},"5":{"start":{"line":33,"column":8},"end":{"line":33,"column":15}},"6":{"start":{"line":37,"column":8},"end":{"line":37,"column":17}},"7":{"start":{"line":99,"column":8},"end":{"line":99,"column":35}},"8":{"start":{"line":100,"column":8},"end":{"line":100,"column":68}},"9":{"start":{"line":101,"column":8},"end":{"line":101,"column":86}},"10":{"start":{"line":109,"column":8},"end":{"line":109,"column":59}},"11":{"start":{"line":110,"column":9},"end":{"line":110,"column":56}},"12":{"start":{"line":111,"column":8},"end":{"line":111,"column":76}},"13":{"start":{"line":112,"column":8},"end":{"line":112,"column":56}},"14":{"start":{"line":113,"column":8},"end":{"line":113,"column":78}},"15":{"start":{"line":114,"column":8},"end":{"line":114,"column":25}},"16":{"start":{"line":115,"column":8},"end":{"line":115,"column":4126}},"17":{"start":{"line":125,"column":8},"end":{"line":125,"column":36}},"18":{"start":{"line":130,"column":8},"end":{"line":130,"column":80}},"19":{"start":{"line":131,"column":9},"end":{"line":131,"column":58}},"20":{"start":{"line":132,"column":8},"end":{"line":132,"column":51}},"21":{"start":{"line":133,"column":8},"end":{"line":133,"column":33}},"22":{"start":{"line":134,"column":7},"end":{"line":134,"column":55}},"23":{"start":{"line":135,"column":8},"end":{"line":135,"column":4875}},"24":{"start":{"line":147,"column":8},"end":{"line":147,"column":43}},"25":{"start":{"line":151,"column":5},"end":{"line":151,"column":56}},"26":{"start":{"line":152,"column":0},"end":{"line":152,"column":42}},"27":{"start":{"line":153,"column":0},"end":{"line":153,"column":50}},"28":{"start":{"line":154,"column":0},"end":{"line":154,"column":40}},"29":{"start":{"line":155,"column":0},"end":{"line":155,"column":44}},"30":{"start":{"line":156,"column":0},"end":{"line":156,"column":43}},"31":{"start":{"line":158,"column":2},"end":{"line":158,"column":5660}},"32":{"start":{"line":170,"column":2},"end":{"line":170,"column":77}},"33":{"start":{"line":172,"column":2},"end":{"line":172,"column":40}},"34":{"start":{"line":176,"column":8},"end":{"line":176,"column":59}},"35":{"start":{"line":177,"column":8},"end":{"line":177,"column":49}},"36":{"start":{"line":178,"column":8},"end":{"line":178,"column":57}},"37":{"start":{"line":179,"column":8},"end":{"line":179,"column":79}},"38":{"start":{"line":182,"column":8},"end":{"line":182,"column":84}},"39":{"start":{"line":184,"column":8},"end":{"line":184,"column":53}},"40":{"start":{"line":185,"column":8},"end":{"line":185,"column":67}},"41":{"start":{"line":186,"column":8},"end":{"line":186,"column":34}},"42":{"start":{"line":187,"column":8},"end":{"line":187,"column":52}},"43":{"start":{"line":188,"column":8},"end":{"line":188,"column":95}},"44":{"start":{"line":189,"column":8},"end":{"line":189,"column":67}},"45":{"start":{"line":190,"column":9},"end":{"line":190,"column":42}},"46":{"start":{"line":191,"column":8},"end":{"line":191,"column":57}},"47":{"start":{"line":192,"column":8},"end":{"line":192,"column":49}},"48":{"start":{"line":193,"column":9},"end":{"line":193,"column":7039}},"49":{"start":{"line":195,"column":14},"end":{"line":195,"column":91}},"50":{"start":{"line":202,"column":8},"end":{"line":202,"column":82}},"51":{"start":{"line":204,"column":8},"end":{"line":204,"column":49}},"52":{"start":{"line":208,"column":8},"end":{"line":208,"column":59}},"53":{"start":{"line":209,"column":8},"end":{"line":209,"column":55}},"54":{"start":{"line":211,"column":8},"end":{"line":211,"column":48}},"55":{"start":{"line":212,"column":8},"end":{"line":212,"column":58}},"56":{"start":{"line":213,"column":8},"end":{"line":213,"column":44}},"57":{"start":{"line":214,"column":8},"end":{"line":214,"column":80}},"58":{"start":{"line":216,"column":8},"end":{"line":216,"column":57}},"59":{"start":{"line":217,"column":8},"end":{"line":217,"column":34}},"60":{"start":{"line":218,"column":8},"end":{"line":218,"column":52}},"61":{"start":{"line":219,"column":8},"end":{"line":219,"column":49}},"62":{"start":{"line":220,"column":8},"end":{"line":220,"column":41}},"63":{"start":{"line":221,"column":8},"end":{"line":221,"column":76}},"64":{"start":{"line":222,"column":8},"end":{"line":222,"column":65}},"65":{"start":{"line":223,"column":8},"end":{"line":223,"column":96}},"66":{"start":{"line":224,"column":8},"end":{"line":224,"column":110}},"67":{"start":{"line":232,"column":8},"end":{"line":232,"column":59}},"68":{"start":{"line":233,"column":8},"end":{"line":233,"column":51}},"69":{"start":{"line":262,"column":9},"end":{"line":262,"column":60}},"70":{"start":{"line":263,"column":9},"end":{"line":263,"column":75}},"71":{"start":{"line":265,"column":8},"end":{"line":265,"column":50}},"72":{"start":{"line":266,"column":8},"end":{"line":266,"column":54}},"73":{"start":{"line":267,"column":8},"end":{"line":267,"column":55}},"74":{"start":{"line":268,"column":8},"end":{"line":268,"column":79}},"75":{"start":{"line":269,"column":8},"end":{"line":269,"column":67}},"76":{"start":{"line":271,"column":8},"end":{"line":271,"column":43}},"77":{"start":{"line":275,"column":9},"end":{"line":275,"column":66}},"78":{"start":{"line":276,"column":9},"end":{"line":276,"column":46}},"79":{"start":{"line":308,"column":4},"end":{"line":308,"column":46}},"80":{"start":{"line":309,"column":4},"end":{"line":309,"column":44}},"81":{"start":{"line":312,"column":4},"end":{"line":312,"column":65}},"82":{"start":{"line":313,"column":4},"end":{"line":313,"column":67}}},"branchMap":{"1":{"line":13,"type":"if","locations":[{"start":{"line":13,"column":34},"end":{"line":13,"column":34}},{"start":{"line":13,"column":34},"end":{"line":13,"column":34}}]},"2":{"line":31,"type":"if","locations":[{"start":{"line":31,"column":69},"end":{"line":31,"column":69}},{"start":{"line":31,"column":69},"end":{"line":31,"column":69}}]},"3":{"line":32,"type":"if","locations":[{"start":{"line":32,"column":25},"end":{"line":32,"column":25}},{"start":{"line":32,"column":25},"end":{"line":32,"column":25}}]},"4":{"line":36,"type":"if","locations":[{"start":{"line":36,"column":30},"end":{"line":36,"column":30}},{"start":{"line":36,"column":30},"end":{"line":36,"column":30}}]},"5":{"line":91,"type":"if","locations":[{"start":{"line":91,"column":13},"end":{"line":91,"column":13}},{"start":{"line":91,"column":13},"end":{"line":91,"column":13}}]},"6":{"line":91,"type":"if","locations":[{"start":{"line":91,"column":27},"end":{"line":91,"column":27}},{"start":{"line":91,"column":27},"end":{"line":91,"column":27}}]},"7":{"line":97,"type":"if","locations":[{"start":{"line":97,"column":64},"end":{"line":97,"column":64}},{"start":{"line":97,"column":64},"end":{"line":97,"column":64}}]},"8":{"line":99,"type":"if","locations":[{"start":{"line":99,"column":8},"end":{"line":99,"column":8}},{"start":{"line":99,"column":8},"end":{"line":99,"column":8}}]},"9":{"line":100,"type":"if","locations":[{"start":{"line":100,"column":8},"end":{"line":100,"column":8}},{"start":{"line":100,"column":8},"end":{"line":100,"column":8}}]},"10":{"line":107,"type":"if","locations":[{"start":{"line":107,"column":119},"end":{"line":107,"column":119}},{"start":{"line":107,"column":119},"end":{"line":107,"column":119}}]},"11":{"line":107,"type":"if","locations":[{"start":{"line":107,"column":129},"end":{"line":107,"column":129}},{"start":{"line":107,"column":129},"end":{"line":107,"column":129}}]},"12":{"line":109,"type":"if","locations":[{"start":{"line":109,"column":8},"end":{"line":109,"column":8}},{"start":{"line":109,"column":8},"end":{"line":109,"column":8}}]},"13":{"line":110,"type":"if","locations":[{"start":{"line":110,"column":9},"end":{"line":110,"column":9}},{"start":{"line":110,"column":9},"end":{"line":110,"column":9}}]},"14":{"line":111,"type":"if","locations":[{"start":{"line":111,"column":8},"end":{"line":111,"column":8}},{"start":{"line":111,"column":8},"end":{"line":111,"column":8}}]},"15":{"line":112,"type":"if","locations":[{"start":{"line":112,"column":8},"end":{"line":112,"column":8}},{"start":{"line":112,"column":8},"end":{"line":112,"column":8}}]},"16":{"line":113,"type":"if","locations":[{"start":{"line":113,"column":8},"end":{"line":113,"column":8}},{"start":{"line":113,"column":8},"end":{"line":113,"column":8}}]},"17":{"line":128,"type":"if","locations":[{"start":{"line":128,"column":124},"end":{"line":128,"column":124}},{"start":{"line":128,"column":124},"end":{"line":128,"column":124}}]},"18":{"line":128,"type":"if","locations":[{"start":{"line":128,"column":134},"end":{"line":128,"column":134}},{"start":{"line":128,"column":134},"end":{"line":128,"column":134}}]},"19":{"line":130,"type":"if","locations":[{"start":{"line":130,"column":8},"end":{"line":130,"column":8}},{"start":{"line":130,"column":8},"end":{"line":130,"column":8}}]},"20":{"line":131,"type":"if","locations":[{"start":{"line":131,"column":9},"end":{"line":131,"column":9}},{"start":{"line":131,"column":9},"end":{"line":131,"column":9}}]},"21":{"line":132,"type":"if","locations":[{"start":{"line":132,"column":8},"end":{"line":132,"column":8}},{"start":{"line":132,"column":8},"end":{"line":132,"column":8}}]},"22":{"line":150,"type":"if","locations":[{"start":{"line":150,"column":95},"end":{"line":150,"column":95}},{"start":{"line":150,"column":95},"end":{"line":150,"column":95}}]},"23":{"line":151,"type":"if","locations":[{"start":{"line":151,"column":5},"end":{"line":151,"column":5}},{"start":{"line":151,"column":5},"end":{"line":151,"column":5}}]},"24":{"line":152,"type":"if","locations":[{"start":{"line":152,"column":0},"end":{"line":152,"column":0}},{"start":{"line":152,"column":0},"end":{"line":152,"column":0}}]},"25":{"line":153,"type":"if","locations":[{"start":{"line":153,"column":0},"end":{"line":153,"column":0}},{"start":{"line":153,"column":0},"end":{"line":153,"column":0}}]},"26":{"line":154,"type":"if","locations":[{"start":{"line":154,"column":0},"end":{"line":154,"column":0}},{"start":{"line":154,"column":0},"end":{"line":154,"column":0}}]},"27":{"line":155,"type":"if","locations":[{"start":{"line":155,"column":0},"end":{"line":155,"column":0}},{"start":{"line":155,"column":0},"end":{"line":155,"column":0}}]},"28":{"line":175,"type":"if","locations":[{"start":{"line":175,"column":63},"end":{"line":175,"column":63}},{"start":{"line":175,"column":63},"end":{"line":175,"column":63}}]},"29":{"line":176,"type":"if","locations":[{"start":{"line":176,"column":8},"end":{"line":176,"column":8}},{"start":{"line":176,"column":8},"end":{"line":176,"column":8}}]},"30":{"line":177,"type":"if","locations":[{"start":{"line":177,"column":8},"end":{"line":177,"column":8}},{"start":{"line":177,"column":8},"end":{"line":177,"column":8}}]},"31":{"line":178,"type":"if","locations":[{"start":{"line":178,"column":8},"end":{"line":178,"column":8}},{"start":{"line":178,"column":8},"end":{"line":178,"column":8}}]},"32":{"line":179,"type":"if","locations":[{"start":{"line":179,"column":8},"end":{"line":179,"column":8}},{"start":{"line":179,"column":8},"end":{"line":179,"column":8}}]},"33":{"line":182,"type":"if","locations":[{"start":{"line":182,"column":8},"end":{"line":182,"column":8}},{"start":{"line":182,"column":8},"end":{"line":182,"column":8}}]},"34":{"line":185,"type":"if","locations":[{"start":{"line":185,"column":8},"end":{"line":185,"column":8}},{"start":{"line":185,"column":8},"end":{"line":185,"column":8}}]},"35":{"line":187,"type":"if","locations":[{"start":{"line":187,"column":8},"end":{"line":187,"column":8}},{"start":{"line":187,"column":8},"end":{"line":187,"column":8}}]},"36":{"line":188,"type":"if","locations":[{"start":{"line":188,"column":8},"end":{"line":188,"column":8}},{"start":{"line":188,"column":8},"end":{"line":188,"column":8}}]},"37":{"line":189,"type":"if","locations":[{"start":{"line":189,"column":8},"end":{"line":189,"column":8}},{"start":{"line":189,"column":8},"end":{"line":189,"column":8}}]},"38":{"line":191,"type":"if","locations":[{"start":{"line":191,"column":8},"end":{"line":191,"column":8}},{"start":{"line":191,"column":8},"end":{"line":191,"column":8}}]},"39":{"line":193,"type":"if","locations":[{"start":{"line":193,"column":9},"end":{"line":193,"column":9}},{"start":{"line":193,"column":9},"end":{"line":193,"column":9}}]},"40":{"line":207,"type":"if","locations":[{"start":{"line":207,"column":47},"end":{"line":207,"column":47}},{"start":{"line":207,"column":47},"end":{"line":207,"column":47}}]},"41":{"line":208,"type":"if","locations":[{"start":{"line":208,"column":8},"end":{"line":208,"column":8}},{"start":{"line":208,"column":8},"end":{"line":208,"column":8}}]},"42":{"line":209,"type":"if","locations":[{"start":{"line":209,"column":8},"end":{"line":209,"column":8}},{"start":{"line":209,"column":8},"end":{"line":209,"column":8}}]},"43":{"line":212,"type":"if","locations":[{"start":{"line":212,"column":8},"end":{"line":212,"column":8}},{"start":{"line":212,"column":8},"end":{"line":212,"column":8}}]},"44":{"line":214,"type":"if","locations":[{"start":{"line":214,"column":8},"end":{"line":214,"column":8}},{"start":{"line":214,"column":8},"end":{"line":214,"column":8}}]},"45":{"line":218,"type":"if","locations":[{"start":{"line":218,"column":8},"end":{"line":218,"column":8}},{"start":{"line":218,"column":8},"end":{"line":218,"column":8}}]},"46":{"line":219,"type":"if","locations":[{"start":{"line":219,"column":8},"end":{"line":219,"column":8}},{"start":{"line":219,"column":8},"end":{"line":219,"column":8}}]},"47":{"line":220,"type":"if","locations":[{"start":{"line":220,"column":8},"end":{"line":220,"column":8}},{"start":{"line":220,"column":8},"end":{"line":220,"column":8}}]},"48":{"line":221,"type":"if","locations":[{"start":{"line":221,"column":8},"end":{"line":221,"column":8}},{"start":{"line":221,"column":8},"end":{"line":221,"column":8}}]},"49":{"line":223,"type":"if","locations":[{"start":{"line":223,"column":8},"end":{"line":223,"column":8}},{"start":{"line":223,"column":8},"end":{"line":223,"column":8}}]},"50":{"line":224,"type":"if","locations":[{"start":{"line":224,"column":8},"end":{"line":224,"column":8}},{"start":{"line":224,"column":8},"end":{"line":224,"column":8}}]},"51":{"line":261,"type":"if","locations":[{"start":{"line":261,"column":46},"end":{"line":261,"column":46}},{"start":{"line":261,"column":46},"end":{"line":261,"column":46}}]},"52":{"line":262,"type":"if","locations":[{"start":{"line":262,"column":9},"end":{"line":262,"column":9}},{"start":{"line":262,"column":9},"end":{"line":262,"column":9}}]},"53":{"line":263,"type":"if","locations":[{"start":{"line":263,"column":9},"end":{"line":263,"column":9}},{"start":{"line":263,"column":9},"end":{"line":263,"column":9}}]},"54":{"line":266,"type":"if","locations":[{"start":{"line":266,"column":8},"end":{"line":266,"column":8}},{"start":{"line":266,"column":8},"end":{"line":266,"column":8}}]},"55":{"line":267,"type":"if","locations":[{"start":{"line":267,"column":8},"end":{"line":267,"column":8}},{"start":{"line":267,"column":8},"end":{"line":267,"column":8}}]},"56":{"line":268,"type":"if","locations":[{"start":{"line":268,"column":8},"end":{"line":268,"column":8}},{"start":{"line":268,"column":8},"end":{"line":268,"column":8}}]},"57":{"line":269,"type":"if","locations":[{"start":{"line":269,"column":8},"end":{"line":269,"column":8}},{"start":{"line":269,"column":8},"end":{"line":269,"column":8}}]},"58":{"line":306,"type":"if","locations":[{"start":{"line":306,"column":30},"end":{"line":306,"column":30}},{"start":{"line":306,"column":30},"end":{"line":306,"column":30}}]},"59":{"line":306,"type":"if","locations":[{"start":{"line":306,"column":40},"end":{"line":306,"column":40}},{"start":{"line":306,"column":40},"end":{"line":306,"column":40}}]},"60":{"line":308,"type":"if","locations":[{"start":{"line":308,"column":4},"end":{"line":308,"column":4}},{"start":{"line":308,"column":4},"end":{"line":308,"column":4}}]},"61":{"line":309,"type":"if","locations":[{"start":{"line":309,"column":4},"end":{"line":309,"column":4}},{"start":{"line":309,"column":4},"end":{"line":309,"column":4}}]}}},
"contracts/P2Pnative.sol":{"l":{"11":0,"12":0,"13":0,"26":0,"30":0,"34":0,"93":0,"94":0,"95":0,"96":0,"97":0,"98":0,"106":0,"107":0,"108":0,"113":0,"114":0,"115":0,"116":0,"117":0,"127":0,"128":0,"129":0,"133":0,"134":0,"135":0,"136":0,"137":0,"138":0,"139":0,"140":0,"151":0,"152":0,"156":0,"157":0,"158":0,"159":0,"160":0,"162":0,"163":0,"164":0,"165":0,"166":0,"167":0,"168":0,"169":0,"170":0,"171":0,"172":0,"174":0,"175":0,"177":0,"178":0,"179":0,"180":0,"181":0,"182":0,"186":0,"187":0,"188":0,"189":0,"190":0,"191":0,"192":0,"193":0,"194":0,"195":0,"196":0,"197":0,"198":0,"199":0,"200":0,"201":0,"202":0,"203":0,"204":0,"205":0,"206":0,"207":0,"208":0,"209":0,"210":0,"211":0,"240":0,"241":0,"242":0,"243":0,"244":0,"245":0,"246":0,"247":0,"248":0,"249":0,"250":0,"251":0,"252":0,"253":0,"285":0,"286":0,"287":0},"path":"/workspaces/ChaiDex-Contracts-1/contracts/P2Pnative.sol","s":{"1":0,"2":0,"3":0,"4":0,"5":0,"6":0,"7":0,"8":0,"9":0,"10":0,"11":0,"12":0,"13":0,"14":0,"15":0,"16":0,"17":0,"18":0,"19":0,"20":0,"21":0,"22":0,"23":0,"24":0,"25":0,"26":0,"27":0,"28":0,"29":0,"30":0,"31":0,"32":0,"33":0,"34":0,"35":0,"36":0,"37":0,"38":0,"39":0,"40":0,"41":0,"42":0,"43":0,"44":0,"45":0,"46":0,"47":0,"48":0,"49":0,"50":0,"51":0,"52":0,"53":0,"54":0,"55":0,"56":0,"57":0,"58":0,"59":0,"60":0,"61":0,"62":0,"63":0,"64":0,"65":0,"66":0,"67":0,"68":0,"69":0,"70":0,"71":0,"72":0},"b":{"1":[0,0],"2":[0,0],"3":[0,0],"4":[0,0],"5":[0,0],"6":[0,0],"7":[0,0],"8":[0,0],"9":[0,0],"10":[0,0],"11":[0,0],"12":[0,0],"13":[0,0],"14":[0,0],"15":[0,0],"16":[0,0],"17":[0,0],"18":[0,0],"19":[0,0],"20":[0,0],"21":[0,0],"22":[0,0],"23":[0,0],"24":[0,0],"25":[0,0],"26":[0,0],"27":[0,0],"28":[0,0],"29":[0,0],"30":[0,0],"31":[0,0],"32":[0,0],"33":[0,0],"34":[0,0],"35":[0,0],"36":[0,0],"37":[0,0],"38":[0,0],"39":[0,0],"40":[0,0],"41":[0,0],"42":[0,0],"43":[0,0],"44":[0,0],"45":[0,0],"46":[0,0],"47":[0,0],"48":[0,0],"49":[0,0],"50":[0,0],"51":[0,0],"52":[0,0]},"f":{"1":0,"2":0,"3":0,"4":0,"5":0,"6":0,"7":0,"8":0,"9":0,"10":0,"11":0,"12":0},"fnMap":{"1":{"name":"initialize","line":10,"loc":{"start":{"line":10,"column":5},"end":{"line":14,"column":3}}},"2":{"name":"constructor","line":25,"loc":{"start":{"line":25,"column":4},"end":{"line":27,"column":4}}},"3":{"name":"_authorizeUpgrade","line":28,"loc":{"start":{"line":28,"column":3},"end":{"line":28,"column":80}}},"4":{"name":"pause","line":29,"loc":{"start":{"line":29,"column":1},"end":{"line":31,"column":4}}},"5":{"name":"unpause","line":33,"loc":{"start":{"line":33,"column":4},"end":{"line":35,"column":4}}},"6":{"name":"setSwapID","line":91,"loc":{"start":{"line":91,"column":4},"end":{"line":109,"column":4}}},"7":{"name":"setTradeCloneID","line":111,"loc":{"start":{"line":111,"column":4},"end":{"line":130,"column":4}}},"8":{"name":"depositSeller","line":132,"loc":{"start":{"line":132,"column":1},"end":{"line":153,"column":0}}},"9":{"name":"depositBuyer","line":155,"loc":{"start":{"line":155,"column":4},"end":{"line":183,"column":4}}},"10":{"name":"withDrawBuyer","line":185,"loc":{"start":{"line":185,"column":4},"end":{"line":212,"column":4}}},"11":{"name":"refundSeller","line":239,"loc":{"start":{"line":239,"column":4},"end":{"line":254,"column":4}}},"12":{"name":"withdrawFee","line":283,"loc":{"start":{"line":283,"column":0},"end":{"line":289,"column":0}}}},"statementMap":{"1":{"start":{"line":11,"column":7},"end":{"line":11,"column":30}},"2":{"start":{"line":12,"column":7},"end":{"line":12,"column":22}},"3":{"start":{"line":13,"column":7},"end":{"line":13,"column":23}},"4":{"start":{"line":26,"column":8},"end":{"line":26,"column":29}},"5":{"start":{"line":30,"column":8},"end":{"line":30,"column":15}},"6":{"start":{"line":34,"column":8},"end":{"line":34,"column":17}},"7":{"start":{"line":93,"column":8},"end":{"line":93,"column":59}},"8":{"start":{"line":94,"column":8},"end":{"line":94,"column":76}},"9":{"start":{"line":95,"column":8},"end":{"line":95,"column":56}},"10":{"start":{"line":96,"column":8},"end":{"line":96,"column":78}},"11":{"start":{"line":97,"column":8},"end":{"line":97,"column":25}},"12":{"start":{"line":98,"column":8},"end":{"line":98,"column":3424}},"13":{"start":{"line":108,"column":8},"end":{"line":108,"column":36}},"14":{"start":{"line":113,"column":8},"end":{"line":113,"column":80}},"15":{"start":{"line":114,"column":8},"end":{"line":114,"column":51}},"16":{"start":{"line":115,"column":8},"end":{"line":115,"column":33}},"17":{"start":{"line":116,"column":7},"end":{"line":116,"column":55}},"18":{"start":{"line":117,"column":8},"end":{"line":117,"column":4112}},"19":{"start":{"line":129,"column":8},"end":{"line":129,"column":43}},"20":{"start":{"line":133,"column":0},"end":{"line":133,"column":42}},"21":{"start":{"line":134,"column":0},"end":{"line":134,"column":50}},"22":{"start":{"line":135,"column":0},"end":{"line":135,"column":40}},"23":{"start":{"line":136,"column":0},"end":{"line":136,"column":44}},"24":{"start":{"line":137,"column":0},"end":{"line":137,"column":47}},"25":{"start":{"line":138,"column":0},"end":{"line":138,"column":43}},"26":{"start":{"line":140,"column":2},"end":{"line":140,"column":4895}},"27":{"start":{"line":152,"column":2},"end":{"line":152,"column":40}},"28":{"start":{"line":156,"column":8},"end":{"line":156,"column":49}},"29":{"start":{"line":157,"column":8},"end":{"line":157,"column":55}},"30":{"start":{"line":158,"column":8},"end":{"line":158,"column":57}},"31":{"start":{"line":159,"column":8},"end":{"line":159,"column":79}},"32":{"start":{"line":162,"column":8},"end":{"line":162,"column":84}},"33":{"start":{"line":164,"column":8},"end":{"line":164,"column":53}},"34":{"start":{"line":165,"column":8},"end":{"line":165,"column":67}},"35":{"start":{"line":166,"column":8},"end":{"line":166,"column":34}},"36":{"start":{"line":167,"column":8},"end":{"line":167,"column":52}},"37":{"start":{"line":168,"column":8},"end":{"line":168,"column":95}},"38":{"start":{"line":169,"column":8},"end":{"line":169,"column":67}},"39":{"start":{"line":170,"column":9},"end":{"line":170,"column":42}},"40":{"start":{"line":171,"column":9},"end":{"line":171,"column":53}},"41":{"start":{"line":172,"column":9},"end":{"line":172,"column":6142}},"42":{"start":{"line":177,"column":8},"end":{"line":177,"column":49}},"43":{"start":{"line":180,"column":8},"end":{"line":180,"column":47}},"44":{"start":{"line":182,"column":8},"end":{"line":182,"column":49}},"45":{"start":{"line":186,"column":7},"end":{"line":186,"column":61}},"46":{"start":{"line":187,"column":8},"end":{"line":187,"column":55}},"47":{"start":{"line":189,"column":8},"end":{"line":189,"column":48}},"48":{"start":{"line":190,"column":8},"end":{"line":190,"column":58}},"49":{"start":{"line":191,"column":8},"end":{"line":191,"column":44}},"50":{"start":{"line":192,"column":8},"end":{"line":192,"column":80}},"51":{"start":{"line":194,"column":8},"end":{"line":194,"column":57}},"52":{"start":{"line":195,"column":8},"end":{"line":195,"column":34}},"53":{"start":{"line":196,"column":8},"end":{"line":196,"column":52}},"54":{"start":{"line":197,"column":8},"end":{"line":197,"column":49}},"55":{"start":{"line":198,"column":8},"end":{"line":198,"column":41}},"56":{"start":{"line":199,"column":8},"end":{"line":199,"column":76}},"57":{"start":{"line":200,"column":8},"end":{"line":200,"column":65}},"58":{"start":{"line":201,"column":8},"end":{"line":201,"column":96}},"59":{"start":{"line":202,"column":8},"end":{"line":202,"column":110}},"60":{"start":{"line":210,"column":8},"end":{"line":210,"column":39}},"61":{"start":{"line":211,"column":8},"end":{"line":211,"column":51}},"62":{"start":{"line":240,"column":9},"end":{"line":240,"column":75}},"63":{"start":{"line":242,"column":8},"end":{"line":242,"column":50}},"64":{"start":{"line":243,"column":8},"end":{"line":243,"column":54}},"65":{"start":{"line":244,"column":8},"end":{"line":244,"column":55}},"66":{"start":{"line":245,"column":8},"end":{"line":245,"column":79}},"67":{"start":{"line":246,"column":8},"end":{"line":246,"column":67}},"68":{"start":{"line":248,"column":8},"end":{"line":248,"column":43}},"69":{"start":{"line":252,"column":9},"end":{"line":252,"column":45}},"70":{"start":{"line":253,"column":9},"end":{"line":253,"column":46}},"71":{"start":{"line":285,"column":4},"end":{"line":285,"column":46}},"72":{"start":{"line":287,"column":3},"end":{"line":287,"column":44}}},"branchMap":{"1":{"line":10,"type":"if","locations":[{"start":{"line":10,"column":34},"end":{"line":10,"column":34}},{"start":{"line":10,"column":34},"end":{"line":10,"column":34}}]},"2":{"line":28,"type":"if","locations":[{"start":{"line":28,"column":69},"end":{"line":28,"column":69}},{"start":{"line":28,"column":69},"end":{"line":28,"column":69}}]},"3":{"line":29,"type":"if","locations":[{"start":{"line":29,"column":25},"end":{"line":29,"column":25}},{"start":{"line":29,"column":25},"end":{"line":29,"column":25}}]},"4":{"line":33,"type":"if","locations":[{"start":{"line":33,"column":30},"end":{"line":33,"column":30}},{"start":{"line":33,"column":30},"end":{"line":33,"column":30}}]},"5":{"line":91,"type":"if","locations":[{"start":{"line":91,"column":119},"end":{"line":91,"column":119}},{"start":{"line":91,"column":119},"end":{"line":91,"column":119}}]},"6":{"line":91,"type":"if","locations":[{"start":{"line":91,"column":129},"end":{"line":91,"column":129}},{"start":{"line":91,"column":129},"end":{"line":91,"column":129}}]},"7":{"line":93,"type":"if","locations":[{"start":{"line":93,"column":8},"end":{"line":93,"column":8}},{"start":{"line":93,"column":8},"end":{"line":93,"column":8}}]},"8":{"line":94,"type":"if","locations":[{"start":{"line":94,"column":8},"end":{"line":94,"column":8}},{"start":{"line":94,"column":8},"end":{"line":94,"column":8}}]},"9":{"line":95,"type":"if","locations":[{"start":{"line":95,"column":8},"end":{"line":95,"column":8}},{"start":{"line":95,"column":8},"end":{"line":95,"column":8}}]},"10":{"line":96,"type":"if","locations":[{"start":{"line":96,"column":8},"end":{"line":96,"column":8}},{"start":{"line":96,"column":8},"end":{"line":96,"column":8}}]},"11":{"line":111,"type":"if","locations":[{"start":{"line":111,"column":124},"end":{"line":111,"column":124}},{"start":{"line":111,"column":124},"end":{"line":111,"column":124}}]},"12":{"line":111,"type":"if","locations":[{"start":{"line":111,"column":134},"end":{"line":111,"column":134}},{"start":{"line":111,"column":134},"end":{"line":111,"column":134}}]},"13":{"line":113,"type":"if","locations":[{"start":{"line":113,"column":8},"end":{"line":113,"column":8}},{"start":{"line":113,"column":8},"end":{"line":113,"column":8}}]},"14":{"line":114,"type":"if","locations":[{"start":{"line":114,"column":8},"end":{"line":114,"column":8}},{"start":{"line":114,"column":8},"end":{"line":114,"column":8}}]},"15":{"line":132,"type":"if","locations":[{"start":{"line":132,"column":102},"end":{"line":132,"column":102}},{"start":{"line":132,"column":102},"end":{"line":132,"column":102}}]},"16":{"line":133,"type":"if","locations":[{"start":{"line":133,"column":0},"end":{"line":133,"column":0}},{"start":{"line":133,"column":0},"end":{"line":133,"column":0}}]},"17":{"line":134,"type":"if","locations":[{"start":{"line":134,"column":0},"end":{"line":134,"column":0}},{"start":{"line":134,"column":0},"end":{"line":134,"column":0}}]},"18":{"line":135,"type":"if","locations":[{"start":{"line":135,"column":0},"end":{"line":135,"column":0}},{"start":{"line":135,"column":0},"end":{"line":135,"column":0}}]},"19":{"line":136,"type":"if","locations":[{"start":{"line":136,"column":0},"end":{"line":136,"column":0}},{"start":{"line":136,"column":0},"end":{"line":136,"column":0}}]},"20":{"line":137,"type":"if","locations":[{"start":{"line":137,"column":0},"end":{"line":137,"column":0}},{"start":{"line":137,"column":0},"end":{"line":137,"column":0}}]},"21":{"line":155,"type":"if","locations":[{"start":{"line":155,"column":71},"end":{"line":155,"column":71}},{"start":{"line":155,"column":71},"end":{"line":155,"column":71}}]},"22":{"line":156,"type":"if","locations":[{"start":{"line":156,"column":8},"end":{"line":156,"column":8}},{"start":{"line":156,"column":8},"end":{"line":156,"column":8}}]},"23":{"line":157,"type":"if","locations":[{"start":{"line":157,"column":8},"end":{"line":157,"column":8}},{"start":{"line":157,"column":8},"end":{"line":157,"column":8}}]},"24":{"line":158,"type":"if","locations":[{"start":{"line":158,"column":8},"end":{"line":158,"column":8}},{"start":{"line":158,"column":8},"end":{"line":158,"column":8}}]},"25":{"line":159,"type":"if","locations":[{"start":{"line":159,"column":8},"end":{"line":159,"column":8}},{"start":{"line":159,"column":8},"end":{"line":159,"column":8}}]},"26":{"line":162,"type":"if","locations":[{"start":{"line":162,"column":8},"end":{"line":162,"column":8}},{"start":{"line":162,"column":8},"end":{"line":162,"column":8}}]},"27":{"line":165,"type":"if","locations":[{"start":{"line":165,"column":8},"end":{"line":165,"column":8}},{"start":{"line":165,"column":8},"end":{"line":165,"column":8}}]},"28":{"line":167,"type":"if","locations":[{"start":{"line":167,"column":8},"end":{"line":167,"column":8}},{"start":{"line":167,"column":8},"end":{"line":167,"column":8}}]},"29":{"line":168,"type":"if","locations":[{"start":{"line":168,"column":8},"end":{"line":168,"column":8}},{"start":{"line":168,"column":8},"end":{"line":168,"column":8}}]},"30":{"line":169,"type":"if","locations":[{"start":{"line":169,"column":8},"end":{"line":169,"column":8}},{"start":{"line":169,"column":8},"end":{"line":169,"column":8}}]},"31":{"line":171,"type":"if","locations":[{"start":{"line":171,"column":9},"end":{"line":171,"column":9}},{"start":{"line":171,"column":9},"end":{"line":171,"column":9}}]},"32":{"line":172,"type":"if","locations":[{"start":{"line":172,"column":9},"end":{"line":172,"column":9}},{"start":{"line":172,"column":9},"end":{"line":172,"column":9}}]},"33":{"line":185,"type":"if","locations":[{"start":{"line":185,"column":55},"end":{"line":185,"column":55}},{"start":{"line":185,"column":55},"end":{"line":185,"column":55}}]},"34":{"line":186,"type":"if","locations":[{"start":{"line":186,"column":7},"end":{"line":186,"column":7}},{"start":{"line":186,"column":7},"end":{"line":186,"column":7}}]},"35":{"line":187,"type":"if","locations":[{"start":{"line":187,"column":8},"end":{"line":187,"column":8}},{"start":{"line":187,"column":8},"end":{"line":187,"column":8}}]},"36":{"line":190,"type":"if","locations":[{"start":{"line":190,"column":8},"end":{"line":190,"column":8}},{"start":{"line":190,"column":8},"end":{"line":190,"column":8}}]},"37":{"line":192,"type":"if","locations":[{"start":{"line":192,"column":8},"end":{"line":192,"column":8}},{"start":{"line":192,"column":8},"end":{"line":192,"column":8}}]},"38":{"line":196,"type":"if","locations":[{"start":{"line":196,"column":8},"end":{"line":196,"column":8}},{"start":{"line":196,"column":8},"end":{"line":196,"column":8}}]},"39":{"line":197,"type":"if","locations":[{"start":{"line":197,"column":8},"end":{"line":197,"column":8}},{"start":{"line":197,"column":8},"end":{"line":197,"column":8}}]},"40":{"line":198,"type":"if","locations":[{"start":{"line":198,"column":8},"end":{"line":198,"column":8}},{"start":{"line":198,"column":8},"end":{"line":198,"column":8}}]},"41":{"line":199,"type":"if","locations":[{"start":{"line":199,"column":8},"end":{"line":199,"column":8}},{"start":{"line":199,"column":8},"end":{"line":199,"column":8}}]},"42":{"line":201,"type":"if","locations":[{"start":{"line":201,"column":8},"end":{"line":201,"column":8}},{"start":{"line":201,"column":8},"end":{"line":201,"column":8}}]},"43":{"line":202,"type":"if","locations":[{"start":{"line":202,"column":8},"end":{"line":202,"column":8}},{"start":{"line":202,"column":8},"end":{"line":202,"column":8}}]},"44":{"line":239,"type":"if","locations":[{"start":{"line":239,"column":54},"end":{"line":239,"column":54}},{"start":{"line":239,"column":54},"end":{"line":239,"column":54}}]},"45":{"line":240,"type":"if","locations":[{"start":{"line":240,"column":9},"end":{"line":240,"column":9}},{"start":{"line":240,"column":9},"end":{"line":240,"column":9}}]},"46":{"line":243,"type":"if","locations":[{"start":{"line":243,"column":8},"end":{"line":243,"column":8}},{"start":{"line":243,"column":8},"end":{"line":243,"column":8}}]},"47":{"line":244,"type":"if","locations":[{"start":{"line":244,"column":8},"end":{"line":244,"column":8}},{"start":{"line":244,"column":8},"end":{"line":244,"column":8}}]},"48":{"line":245,"type":"if","locations":[{"start":{"line":245,"column":8},"end":{"line":245,"column":8}},{"start":{"line":245,"column":8},"end":{"line":245,"column":8}}]},"49":{"line":246,"type":"if","locations":[{"start":{"line":246,"column":8},"end":{"line":246,"column":8}},{"start":{"line":246,"column":8},"end":{"line":246,"column":8}}]},"50":{"line":283,"type":"if","locations":[{"start":{"line":283,"column":30},"end":{"line":283,"column":30}},{"start":{"line":283,"column":30},"end":{"line":283,"column":30}}]},"51":{"line":283,"type":"if","locations":[{"start":{"line":283,"column":40},"end":{"line":283,"column":40}},{"start":{"line":283,"column":40},"end":{"line":283,"column":40}}]},"52":{"line":285,"type":"if","locations":[{"start":{"line":285,"column":4},"end":{"line":285,"column":4}},{"start":{"line":285,"column":4},"end":{"line":285,"column":4}}]}}},
"contracts/Test_usd.sol":{"l":{"9":9},"path":"/workspaces/ChaiDex-Contracts-1/contracts/Test_usd.sol","s":{"1":9},"b":{},"f":{"1":9},"fnMap":{"1":{"name":"constructor","line":8,"loc":{"start":{"line":8,"column":4},"end":{"line":10,"column":4}}}},"statementMap":{"1":{"start":{"line":9,"column":8},"end":{"line":9,"column":70}}},"branchMap":{}},
"contracts/TPfortron.sol":{"l":{"33":0,"36":0,"41":0,"46":0,"53":0,"54":0,"60":0,"61":0,"64":0,"69":0,"70":0,"71":0,"74":0,"75":0,"76":0,"77":0,"78":0,"79":0,"87":0,"88":0,"89":0,"90":0,"91":0,"93":0,"94":0,"98":0,"99":0,"100":0,"101":0,"102":0,"103":0,"104":0,"106":0,"107":0,"111":0,"112":0,"114":0,"116":0},"path":"/workspaces/ChaiDex-Contracts-1/contracts/TPfortron.sol","s":{"1":0,"2":0,"3":0,"4":0,"5":0,"6":0,"7":0,"8":0,"9":0,"10":0,"11":0,"12":0,"13":0,"14":0,"15":0,"16":0,"17":0,"18":0,"19":0,"20":0,"21":0,"22":0,"23":0,"24":0,"25":0,"26":0,"27":0},"b":{"1":[0,0],"2":[0,0],"3":[0,0],"4":[0,0],"5":[0,0],"6":[0,0],"7":[0,0],"8":[0,0],"9":[0,0],"10":[0,0],"11":[0,0],"12":[0,0],"13":[0,0],"14":[0,0],"15":[0,0],"16":[0,0],"17":[0,0],"18":[0,0],"19":[0,0],"20":[0,0],"21":[0,0],"22":[0,0],"23":[0,0],"24":[0,0],"25":[0,0],"26":[0,0],"27":[0,0]},"f":{"1":0,"2":0,"3":0,"4":0,"5":0,"6":0,"7":0,"8":0,"9":0,"10":0,"11":0},"fnMap":{"1":{"name":"constructor","line":12,"loc":{"start":{"line":12,"column":4},"end":{"line":12,"column":19}}},"2":{"name":"setMinter","line":32,"loc":{"start":{"line":32,"column":0},"end":{"line":34,"column":0}}},"3":{"name":"setDisable","line":35,"loc":{"start":{"line":35,"column":0},"end":{"line":37,"column":0}}},"4":{"name":"pause","line":40,"loc":{"start":{"line":40,"column":5},"end":{"line":43,"column":4}}},"5":{"name":"unpause","line":45,"loc":{"start":{"line":45,"column":4},"end":{"line":47,"column":4}}},"6":{"name":"setUSDAddress","line":52,"loc":{"start":{"line":48,"column":4},"end":{"line":56,"column":4}}},"7":{"name":"Buy","line":59,"loc":{"start":{"line":59,"column":4},"end":{"line":72,"column":4}}},"8":{"name":"BuyNat","line":73,"loc":{"start":{"line":73,"column":5},"end":{"line":80,"column":4}}},"9":{"name":"Redeem","line":86,"loc":{"start":{"line":86,"column":3},"end":{"line":95,"column":4}}},"10":{"name":"RedeemNat","line":97,"loc":{"start":{"line":97,"column":5},"end":{"line":108,"column":4}}},"11":{"name":"getTPbalance","line":110,"loc":{"start":{"line":110,"column":4},"end":{"line":118,"column":0}}}},"statementMap":{"1":{"start":{"line":41,"column":8},"end":{"line":41,"column":15}},"2":{"start":{"line":46,"column":8},"end":{"line":46,"column":17}},"3":{"start":{"line":60,"column":8},"end":{"line":60,"column":49}},"4":{"start":{"line":61,"column":8},"end":{"line":61,"column":53}},"5":{"start":{"line":64,"column":8},"end":{"line":64,"column":1983}},"6":{"start":{"line":71,"column":6},"end":{"line":71,"column":94}},"7":{"start":{"line":74,"column":5},"end":{"line":74,"column":48}},"8":{"start":{"line":75,"column":5},"end":{"line":75,"column":50}},"9":{"start":{"line":76,"column":5},"end":{"line":76,"column":68}},"10":{"start":{"line":77,"column":5},"end":{"line":77,"column":34}},"11":{"start":{"line":79,"column":5},"end":{"line":79,"column":92}},"12":{"start":{"line":87,"column":8},"end":{"line":87,"column":49}},"13":{"start":{"line":88,"column":8},"end":{"line":88,"column":45}},"14":{"start":{"line":89,"column":8},"end":{"line":89,"column":43}},"15":{"start":{"line":93,"column":8},"end":{"line":93,"column":62}},"16":{"start":{"line":94,"column":9},"end":{"line":94,"column":88}},"17":{"start":{"line":98,"column":8},"end":{"line":98,"column":49}},"18":{"start":{"line":99,"column":8},"end":{"line":99,"column":53}},"19":{"start":{"line":100,"column":8},"end":{"line":100,"column":45}},"20":{"start":{"line":101,"column":8},"end":{"line":101,"column":71}},"21":{"start":{"line":102,"column":8},"end":{"line":102,"column":45}},"22":{"start":{"line":103,"column":8},"end":{"line":103,"column":37}},"23":{"start":{"line":106,"column":8},"end":{"line":106,"column":42}},"24":{"start":{"line":107,"column":8},"end":{"line":107,"column":85}},"25":{"start":{"line":111,"column":5},"end":{"line":111,"column":53}},"26":{"start":{"line":112,"column":0},"end":{"line":112,"column":4052}},"27":{"start":{"line":116,"column":0},"end":{"line":116,"column":15}}},"branchMap":{"1":{"line":32,"type":"if","locations":[{"start":{"line":32,"column":37},"end":{"line":32,"column":37}},{"start":{"line":32,"column":37},"end":{"line":32,"column":37}}]},"2":{"line":32,"type":"if","locations":[{"start":{"line":32,"column":47},"end":{"line":32,"column":47}},{"start":{"line":32,"column":47},"end":{"line":32,"column":47}}]},"3":{"line":35,"type":"if","locations":[{"start":{"line":35,"column":41},"end":{"line":35,"column":41}},{"start":{"line":35,"column":41},"end":{"line":35,"column":41}}]},"4":{"line":35,"type":"if","locations":[{"start":{"line":35,"column":51},"end":{"line":35,"column":51}},{"start":{"line":35,"column":51},"end":{"line":35,"column":51}}]},"5":{"line":40,"type":"if","locations":[{"start":{"line":40,"column":29},"end":{"line":40,"column":29}},{"start":{"line":40,"column":29},"end":{"line":40,"column":29}}]},"6":{"line":45,"type":"if","locations":[{"start":{"line":45,"column":30},"end":{"line":45,"column":30}},{"start":{"line":45,"column":30},"end":{"line":45,"column":30}}]},"7":{"line":52,"type":"if","locations":[{"start":{"line":52,"column":13},"end":{"line":52,"column":13}},{"start":{"line":52,"column":13},"end":{"line":52,"column":13}}]},"8":{"line":52,"type":"if","locations":[{"start":{"line":52,"column":23},"end":{"line":52,"column":23}},{"start":{"line":52,"column":23},"end":{"line":52,"column":23}}]},"9":{"line":59,"type":"if","locations":[{"start":{"line":59,"column":68},"end":{"line":59,"column":68}},{"start":{"line":59,"column":68},"end":{"line":59,"column":68}}]},"10":{"line":60,"type":"if","locations":[{"start":{"line":60,"column":8},"end":{"line":60,"column":8}},{"start":{"line":60,"column":8},"end":{"line":60,"column":8}}]},"11":{"line":61,"type":"if","locations":[{"start":{"line":61,"column":8},"end":{"line":61,"column":8}},{"start":{"line":61,"column":8},"end":{"line":61,"column":8}}]},"12":{"line":73,"type":"if","locations":[{"start":{"line":73,"column":51},"end":{"line":73,"column":51}},{"start":{"line":73,"column":51},"end":{"line":73,"column":51}}]},"13":{"line":74,"type":"if","locations":[{"start":{"line":74,"column":5},"end":{"line":74,"column":5}},{"start":{"line":74,"column":5},"end":{"line":74,"column":5}}]},"14":{"line":75,"type":"if","locations":[{"start":{"line":75,"column":5},"end":{"line":75,"column":5}},{"start":{"line":75,"column":5},"end":{"line":75,"column":5}}]},"15":{"line":76,"type":"if","locations":[{"start":{"line":76,"column":5},"end":{"line":76,"column":5}},{"start":{"line":76,"column":5},"end":{"line":76,"column":5}}]},"16":{"line":86,"type":"if","locations":[{"start":{"line":86,"column":72},"end":{"line":86,"column":72}},{"start":{"line":86,"column":72},"end":{"line":86,"column":72}}]},"17":{"line":86,"type":"if","locations":[{"start":{"line":86,"column":82},"end":{"line":86,"column":82}},{"start":{"line":86,"column":82},"end":{"line":86,"column":82}}]},"18":{"line":87,"type":"if","locations":[{"start":{"line":87,"column":8},"end":{"line":87,"column":8}},{"start":{"line":87,"column":8},"end":{"line":87,"column":8}}]},"19":{"line":88,"type":"if","locations":[{"start":{"line":88,"column":8},"end":{"line":88,"column":8}},{"start":{"line":88,"column":8},"end":{"line":88,"column":8}}]},"20":{"line":89,"type":"if","locations":[{"start":{"line":89,"column":8},"end":{"line":89,"column":8}},{"start":{"line":89,"column":8},"end":{"line":89,"column":8}}]},"21":{"line":97,"type":"if","locations":[{"start":{"line":97,"column":74},"end":{"line":97,"column":74}},{"start":{"line":97,"column":74},"end":{"line":97,"column":74}}]},"22":{"line":97,"type":"if","locations":[{"start":{"line":97,"column":84},"end":{"line":97,"column":84}},{"start":{"line":97,"column":84},"end":{"line":97,"column":84}}]},"23":{"line":98,"type":"if","locations":[{"start":{"line":98,"column":8},"end":{"line":98,"column":8}},{"start":{"line":98,"column":8},"end":{"line":98,"column":8}}]},"24":{"line":99,"type":"if","locations":[{"start":{"line":99,"column":8},"end":{"line":99,"column":8}},{"start":{"line":99,"column":8},"end":{"line":99,"column":8}}]},"25":{"line":100,"type":"if","locations":[{"start":{"line":100,"column":8},"end":{"line":100,"column":8}},{"start":{"line":100,"column":8},"end":{"line":100,"column":8}}]},"26":{"line":101,"type":"if","locations":[{"start":{"line":101,"column":8},"end":{"line":101,"column":8}},{"start":{"line":101,"column":8},"end":{"line":101,"column":8}}]},"27":{"line":102,"type":"if","locations":[{"start":{"line":102,"column":8},"end":{"line":102,"column":8}},{"start":{"line":102,"column":8},"end":{"line":102,"column":8}}]}}},
"contracts/treasuryPool.sol":{"l":{"13":6,"14":6,"15":6,"19":3,"45":1,"48":0,"53":0,"58":0,"65":2,"66":2,"72":3,"73":3,"76":2,"81":2,"82":2,"83":2,"86":2,"87":2,"88":1,"89":1,"90":1,"91":1,"99":1,"100":1,"101":1,"102":1,"103":1,"105":1,"106":1,"110":0,"111":0,"112":0,"113":0,"114":0,"115":0,"116":0,"118":0,"119":0,"123":0,"124":0,"126":0,"128":0},"path":"/workspaces/ChaiDex-Contracts-1/contracts/treasuryPool.sol","s":{"1":6,"2":6,"3":6,"4":3,"5":0,"6":0,"7":3,"8":3,"9":2,"10":2,"11":2,"12":2,"13":1,"14":1,"15":1,"16":1,"17":1,"18":1,"19":1,"20":1,"21":0,"22":0,"23":0,"24":0,"25":0,"26":0,"27":0,"28":0,"29":0,"30":0,"31":0},"b":{"1":[6,0],"2":[0,0],"3":[1,0],"4":[1,0],"5":[0,0],"6":[0,0],"7":[0,0],"8":[0,0],"9":[2,0],"10":[2,0],"11":[3,0],"12":[3,0],"13":[2,1],"14":[2,0],"15":[2,0],"16":[1,1],"17":[1,0],"18":[1,0],"19":[1,0],"20":[1,0],"21":[1,0],"22":[1,0],"23":[0,0],"24":[0,0],"25":[0,0],"26":[0,0],"27":[0,0],"28":[0,0],"29":[0,0]},"f":{"1":6,"2":3,"3":0,"4":1,"5":0,"6":0,"7":0,"8":2,"9":3,"10":2,"11":1,"12":0,"13":0},"fnMap":{"1":{"name":"initialize","line":12,"loc":{"start":{"line":12,"column":0},"end":{"line":16,"column":3}}},"2":{"name":"constructor","line":18,"loc":{"start":{"line":18,"column":6},"end":{"line":20,"column":4}}},"3":{"name":"_authorizeUpgrade","line":21,"loc":{"start":{"line":21,"column":0},"end":{"line":21,"column":77}}},"4":{"name":"setMinter","line":44,"loc":{"start":{"line":44,"column":0},"end":{"line":46,"column":0}}},"5":{"name":"setDisable","line":47,"loc":{"start":{"line":47,"column":0},"end":{"line":49,"column":0}}},"6":{"name":"pause","line":52,"loc":{"start":{"line":52,"column":5},"end":{"line":55,"column":4}}},"7":{"name":"unpause","line":57,"loc":{"start":{"line":57,"column":4},"end":{"line":59,"column":4}}},"8":{"name":"setUSDAddress","line":64,"loc":{"start":{"line":60,"column":4},"end":{"line":68,"column":4}}},"9":{"name":"Buy","line":71,"loc":{"start":{"line":71,"column":4},"end":{"line":84,"column":4}}},"10":{"name":"BuyNat","line":85,"loc":{"start":{"line":85,"column":5},"end":{"line":92,"column":4}}},"11":{"name":"Redeem","line":98,"loc":{"start":{"line":98,"column":3},"end":{"line":107,"column":4}}},"12":{"name":"RedeemNat","line":109,"loc":{"start":{"line":109,"column":5},"end":{"line":120,"column":4}}},"13":{"name":"getTPbalance","line":122,"loc":{"start":{"line":122,"column":4},"end":{"line":130,"column":0}}}},"statementMap":{"1":{"start":{"line":13,"column":7},"end":{"line":13,"column":30}},"2":{"start":{"line":14,"column":7},"end":{"line":14,"column":22}},"3":{"start":{"line":15,"column":8},"end":{"line":15,"column":24}},"4":{"start":{"line":19,"column":8},"end":{"line":19,"column":29}},"5":{"start":{"line":53,"column":8},"end":{"line":53,"column":15}},"6":{"start":{"line":58,"column":8},"end":{"line":58,"column":17}},"7":{"start":{"line":72,"column":8},"end":{"line":72,"column":49}},"8":{"start":{"line":73,"column":8},"end":{"line":73,"column":53}},"9":{"start":{"line":76,"column":8},"end":{"line":76,"column":2596}},"10":{"start":{"line":83,"column":6},"end":{"line":83,"column":94}},"11":{"start":{"line":86,"column":5},"end":{"line":86,"column":48}},"12":{"start":{"line":87,"column":5},"end":{"line":87,"column":50}},"13":{"start":{"line":88,"column":5},"end":{"line":88,"column":68}},"14":{"start":{"line":89,"column":5},"end":{"line":89,"column":34}},"15":{"start":{"line":91,"column":5},"end":{"line":91,"column":92}},"16":{"start":{"line":99,"column":8},"end":{"line":99,"column":49}},"17":{"start":{"line":100,"column":8},"end":{"line":100,"column":43}},"18":{"start":{"line":101,"column":8},"end":{"line":101,"column":45}},"19":{"start":{"line":105,"column":8},"end":{"line":105,"column":73}},"20":{"start":{"line":106,"column":9},"end":{"line":106,"column":88}},"21":{"start":{"line":110,"column":8},"end":{"line":110,"column":49}},"22":{"start":{"line":111,"column":8},"end":{"line":111,"column":53}},"23":{"start":{"line":112,"column":9},"end":{"line":112,"column":46}},"24":{"start":{"line":113,"column":8},"end":{"line":113,"column":71}},"25":{"start":{"line":114,"column":8},"end":{"line":114,"column":45}},"26":{"start":{"line":115,"column":8},"end":{"line":115,"column":37}},"27":{"start":{"line":118,"column":8},"end":{"line":118,"column":42}},"28":{"start":{"line":119,"column":8},"end":{"line":119,"column":85}},"29":{"start":{"line":123,"column":5},"end":{"line":123,"column":53}},"30":{"start":{"line":124,"column":0},"end":{"line":124,"column":4688}},"31":{"start":{"line":128,"column":0},"end":{"line":128,"column":15}}},"branchMap":{"1":{"line":12,"type":"if","locations":[{"start":{"line":12,"column":29},"end":{"line":12,"column":29}},{"start":{"line":12,"column":29},"end":{"line":12,"column":29}}]},"2":{"line":21,"type":"if","locations":[{"start":{"line":21,"column":66},"end":{"line":21,"column":66}},{"start":{"line":21,"column":66},"end":{"line":21,"column":66}}]},"3":{"line":44,"type":"if","locations":[{"start":{"line":44,"column":37},"end":{"line":44,"column":37}},{"start":{"line":44,"column":37},"end":{"line":44,"column":37}}]},"4":{"line":44,"type":"if","locations":[{"start":{"line":44,"column":47},"end":{"line":44,"column":47}},{"start":{"line":44,"column":47},"end":{"line":44,"column":47}}]},"5":{"line":47,"type":"if","locations":[{"start":{"line":47,"column":41},"end":{"line":47,"column":41}},{"start":{"line":47,"column":41},"end":{"line":47,"column":41}}]},"6":{"line":47,"type":"if","locations":[{"start":{"line":47,"column":51},"end":{"line":47,"column":51}},{"start":{"line":47,"column":51},"end":{"line":47,"column":51}}]},"7":{"line":52,"type":"if","locations":[{"start":{"line":52,"column":29},"end":{"line":52,"column":29}},{"start":{"line":52,"column":29},"end":{"line":52,"column":29}}]},"8":{"line":57,"type":"if","locations":[{"start":{"line":57,"column":30},"end":{"line":57,"column":30}},{"start":{"line":57,"column":30},"end":{"line":57,"column":30}}]},"9":{"line":64,"type":"if","locations":[{"start":{"line":64,"column":13},"end":{"line":64,"column":13}},{"start":{"line":64,"column":13},"end":{"line":64,"column":13}}]},"10":{"line":64,"type":"if","locations":[{"start":{"line":64,"column":23},"end":{"line":64,"column":23}},{"start":{"line":64,"column":23},"end":{"line":64,"column":23}}]},"11":{"line":71,"type":"if","locations":[{"start":{"line":71,"column":68},"end":{"line":71,"column":68}},{"start":{"line":71,"column":68},"end":{"line":71,"column":68}}]},"12":{"line":72,"type":"if","locations":[{"start":{"line":72,"column":8},"end":{"line":72,"column":8}},{"start":{"line":72,"column":8},"end":{"line":72,"column":8}}]},"13":{"line":73,"type":"if","locations":[{"start":{"line":73,"column":8},"end":{"line":73,"column":8}},{"start":{"line":73,"column":8},"end":{"line":73,"column":8}}]},"14":{"line":85,"type":"if","locations":[{"start":{"line":85,"column":51},"end":{"line":85,"column":51}},{"start":{"line":85,"column":51},"end":{"line":85,"column":51}}]},"15":{"line":86,"type":"if","locations":[{"start":{"line":86,"column":5},"end":{"line":86,"column":5}},{"start":{"line":86,"column":5},"end":{"line":86,"column":5}}]},"16":{"line":87,"type":"if","locations":[{"start":{"line":87,"column":5},"end":{"line":87,"column":5}},{"start":{"line":87,"column":5},"end":{"line":87,"column":5}}]},"17":{"line":88,"type":"if","locations":[{"start":{"line":88,"column":5},"end":{"line":88,"column":5}},{"start":{"line":88,"column":5},"end":{"line":88,"column":5}}]},"18":{"line":98,"type":"if","locations":[{"start":{"line":98,"column":72},"end":{"line":98,"column":72}},{"start":{"line":98,"column":72},"end":{"line":98,"column":72}}]},"19":{"line":98,"type":"if","locations":[{"start":{"line":98,"column":82},"end":{"line":98,"column":82}},{"start":{"line":98,"column":82},"end":{"line":98,"column":82}}]},"20":{"line":99,"type":"if","locations":[{"start":{"line":99,"column":8},"end":{"line":99,"column":8}},{"start":{"line":99,"column":8},"end":{"line":99,"column":8}}]},"21":{"line":100,"type":"if","locations":[{"start":{"line":100,"column":8},"end":{"line":100,"column":8}},{"start":{"line":100,"column":8},"end":{"line":100,"column":8}}]},"22":{"line":101,"type":"if","locations":[{"start":{"line":101,"column":8},"end":{"line":101,"column":8}},{"start":{"line":101,"column":8},"end":{"line":101,"column":8}}]},"23":{"line":109,"type":"if","locations":[{"start":{"line":109,"column":74},"end":{"line":109,"column":74}},{"start":{"line":109,"column":74},"end":{"line":109,"column":74}}]},"24":{"line":109,"type":"if","locations":[{"start":{"line":109,"column":84},"end":{"line":109,"column":84}},{"start":{"line":109,"column":84},"end":{"line":109,"column":84}}]},"25":{"line":110,"type":"if","locations":[{"start":{"line":110,"column":8},"end":{"line":110,"column":8}},{"start":{"line":110,"column":8},"end":{"line":110,"column":8}}]},"26":{"line":111,"type":"if","locations":[{"start":{"line":111,"column":8},"end":{"line":111,"column":8}},{"start":{"line":111,"column":8},"end":{"line":111,"column":8}}]},"27":{"line":112,"type":"if","locations":[{"start":{"line":112,"column":9},"end":{"line":112,"column":9}},{"start":{"line":112,"column":9},"end":{"line":112,"column":9}}]},"28":{"line":113,"type":"if","locations":[{"start":{"line":113,"column":8},"end":{"line":113,"column":8}},{"start":{"line":113,"column":8},"end":{"line":113,"column":8}}]},"29":{"line":114,"type":"if","locations":[{"start":{"line":114,"column":8},"end":{"line":114,"column":8}},{"start":{"line":114,"column":8},"end":{"line":114,"column":8}}]}}}}
