TN:
SF:/workspace/ChaiDex-Contracts-1/contracts/apy.sol
FN:14,constructor
FN:19,setAddress
FN:24,fees
FNF:3
FNH:0
FNDA:0,constructor
FNDA:0,setAddress
FNDA:0,fees
DA:15,0
DA:16,0
DA:17,0
DA:20,0
DA:25,0
DA:26,0
DA:27,0
DA:28,0
DA:29,0
LF:9
LH:0
BRDA:19,1,0,0
BRDA:19,1,1,0
BRDA:25,2,0,0
BRDA:25,2,1,0
BRF:4
BRH:0
end_of_record
TN:
SF:/workspace/ChaiDex-Contracts-1/contracts/Chait.sol
FN:13,constructor
FN:17,initialize
FN:30,_authorizeUpgrade
FNF:3
FNH:0
FNDA:0,constructor
FNDA:0,initialize
FNDA:0,_authorizeUpgrade
DA:14,0
DA:18,0
DA:19,0
DA:20,0
DA:21,0
DA:23,0
LF:6
LH:0
BRDA:17,1,0,0
BRDA:17,1,1,0
BRDA:30,2,0,0
BRDA:30,2,1,0
BRF:4
BRH:0
end_of_record
TN:
SF:/workspace/ChaiDex-Contracts-1/contracts/HTLC.sol
FNF:0
FNH:0
LF:0
LH:0
BRF:0
BRH:0
end_of_record
TN:
SF:/workspace/ChaiDex-Contracts-1/contracts/INRC.sol
FN:16,initialize
FN:23,constructor
FN:26,pause
FN:30,unpause
FN:36,setBurnwhitelist
FN:39,setEpoch
FN:44,_beforeTokenTransfer
FN:50,decimals
FN:55,issue
FN:61,redeem
FN:71,_authorizeUpgrade
FNF:11
FNH:0
FNDA:0,initialize
FNDA:0,constructor
FNDA:0,pause
FNDA:0,unpause
FNDA:0,setBurnwhitelist
FNDA:0,setEpoch
FNDA:0,_beforeTokenTransfer
FNDA:0,decimals
FNDA:0,issue
FNDA:0,redeem
FNDA:0,_authorizeUpgrade
DA:17,0
DA:18,0
DA:19,0
DA:20,0
DA:24,0
DA:27,0
DA:31,0
DA:37,0
DA:40,0
DA:47,0
DA:51,0
DA:56,0
DA:57,0
DA:58,0
DA:62,0
DA:63,0
DA:64,0
DA:65,0
DA:66,0
LF:19
LH:0
BRDA:16,1,0,0
BRDA:16,1,1,0
BRDA:26,2,0,0
BRDA:26,2,1,0
BRDA:30,3,0,0
BRDA:30,3,1,0
BRDA:36,4,0,0
BRDA:36,4,1,0
BRDA:36,5,0,0
BRDA:36,5,1,0
BRDA:39,6,0,0
BRDA:39,6,1,0
BRDA:39,7,0,0
BRDA:39,7,1,0
BRDA:44,8,0,0
BRDA:44,8,1,0
BRDA:55,9,0,0
BRDA:55,9,1,0
BRDA:56,10,0,0
BRDA:56,10,1,0
BRDA:62,11,0,0
BRDA:62,11,1,0
BRDA:63,12,0,0
BRDA:63,12,1,0
BRDA:64,13,0,0
BRDA:64,13,1,0
BRDA:71,14,0,0
BRDA:71,14,1,0
BRF:28
BRH:0
end_of_record
TN:
SF:/workspace/ChaiDex-Contracts-1/contracts/LiquidityPool.sol
FN:15,initialize
FN:21,constructor
FN:24,_authorizeUpgrade
FN:25,pause
FN:29,unpause
FN:114,setEpoch
FN:118,setUnstake
FN:126,setUSDAddress
FN:139,stake
FN:150,unstake
FN:153,unstakeAll
FN:165,_stake
FN:200,_unStake
FN:218,_unstakeAll
FN:236,getLPbalance
FN:246,GetStakers
FNF:16
FNH:11
FNDA:9,initialize
FNDA:3,constructor
FNDA:0,_authorizeUpgrade
FNDA:0,pause
FNDA:0,unpause
FNDA:1,setEpoch
FNDA:2,setUnstake
FNDA:2,setUSDAddress
FNDA:2,stake
FNDA:4,unstake
FNDA:2,unstakeAll
FNDA:2,_stake
FNDA:4,_unStake
FNDA:2,_unstakeAll
FNDA:0,getLPbalance
FNDA:0,GetStakers
DA:16,9
DA:17,9
DA:18,9
DA:22,3
DA:26,0
DA:30,0
DA:115,1
DA:119,2
DA:127,2
DA:128,2
DA:140,2
DA:151,4
DA:154,2
DA:166,2
DA:167,2
DA:168,2
DA:173,2
DA:174,2
DA:175,2
DA:176,2
DA:177,2
DA:178,2
DA:179,2
DA:180,2
DA:183,2
DA:189,2
DA:201,4
DA:202,4
DA:206,2
DA:207,2
DA:208,2
DA:209,2
DA:210,2
DA:211,2
DA:212,2
DA:213,2
DA:214,2
DA:215,2
DA:220,2
DA:221,2
DA:222,2
DA:223,2
DA:224,1
DA:225,1
DA:226,1
DA:227,1
DA:228,1
DA:229,1
DA:231,1
DA:232,1
DA:237,0
DA:238,0
DA:240,0
DA:242,0
DA:247,0
DA:248,0
DA:250,0
DA:252,0
LF:58
LH:48
BRDA:15,1,0,9
BRDA:15,1,1,0
BRDA:24,2,0,0
BRDA:24,2,1,0
BRDA:25,3,0,0
BRDA:25,3,1,0
BRDA:29,4,0,0
BRDA:29,4,1,0
BRDA:114,5,0,1
BRDA:114,5,1,0
BRDA:114,6,0,1
BRDA:114,6,1,0
BRDA:118,7,0,2
BRDA:118,7,1,0
BRDA:118,8,0,2
BRDA:118,8,1,0
BRDA:126,9,0,2
BRDA:126,9,1,0
BRDA:126,10,0,2
BRDA:126,10,1,0
BRDA:165,11,0,2
BRDA:165,11,1,0
BRDA:166,12,0,2
BRDA:166,12,1,0
BRDA:167,13,0,2
BRDA:167,13,1,0
BRDA:178,14,0,2
BRDA:178,14,1,0
BRDA:200,15,0,4
BRDA:200,15,1,0
BRDA:202,16,0,2
BRDA:202,16,1,2
BRDA:206,17,0,2
BRDA:206,17,1,0
BRDA:207,18,0,2
BRDA:207,18,1,0
BRDA:208,19,0,2
BRDA:208,19,1,0
BRDA:218,20,0,2
BRDA:218,20,1,0
BRDA:221,21,0,2
BRDA:221,21,1,0
BRDA:222,22,0,2
BRDA:222,22,1,0
BRDA:223,23,0,1
BRDA:223,23,1,1
BRDA:224,24,0,1
BRDA:224,24,1,0
BRF:48
BRH:23
end_of_record
TN:
SF:/workspace/ChaiDex-Contracts-1/contracts/LPfortron.sol
FN:10,unpause
FN:14,pause
FN:17,constructor
FN:99,setEpoch
FN:103,setUnstake
FN:111,setUSDAddress
FN:124,stake
FN:135,unstake
FN:138,unstakeAll
FN:150,_stake
FN:185,_unStake
FN:204,_unstakeAll
FN:222,getLPbalance
FN:232,GetStakers
FNF:14
FNH:0
FNDA:0,unpause
FNDA:0,pause
FNDA:0,constructor
FNDA:0,setEpoch
FNDA:0,setUnstake
FNDA:0,setUSDAddress
FNDA:0,stake
FNDA:0,unstake
FNDA:0,unstakeAll
FNDA:0,_stake
FNDA:0,_unStake
FNDA:0,_unstakeAll
FNDA:0,getLPbalance
FNDA:0,GetStakers
DA:11,0
DA:15,0
DA:100,0
DA:104,0
DA:112,0
DA:113,0
DA:125,0
DA:136,0
DA:139,0
DA:151,0
DA:152,0
DA:153,0
DA:158,0
DA:159,0
DA:160,0
DA:161,0
DA:162,0
DA:163,0
DA:164,0
DA:165,0
DA:168,0
DA:174,0
DA:186,0
DA:187,0
DA:191,0
DA:192,0
DA:193,0
DA:194,0
DA:195,0
DA:196,0
DA:197,0
DA:198,0
DA:200,0
DA:201,0
DA:206,0
DA:207,0
DA:208,0
DA:209,0
DA:210,0
DA:211,0
DA:212,0
DA:213,0
DA:214,0
DA:215,0
DA:217,0
DA:218,0
DA:223,0
DA:224,0
DA:226,0
DA:228,0
DA:233,0
DA:234,0
DA:236,0
DA:238,0
LF:54
LH:0
BRDA:10,1,0,0
BRDA:10,1,1,0
BRDA:14,2,0,0
BRDA:14,2,1,0
BRDA:99,3,0,0
BRDA:99,3,1,0
BRDA:99,4,0,0
BRDA:99,4,1,0
BRDA:103,5,0,0
BRDA:103,5,1,0
BRDA:103,6,0,0
BRDA:103,6,1,0
BRDA:111,7,0,0
BRDA:111,7,1,0
BRDA:111,8,0,0
BRDA:111,8,1,0
BRDA:150,9,0,0
BRDA:150,9,1,0
BRDA:151,10,0,0
BRDA:151,10,1,0
BRDA:152,11,0,0
BRDA:152,11,1,0
BRDA:163,12,0,0
BRDA:163,12,1,0
BRDA:185,13,0,0
BRDA:185,13,1,0
BRDA:187,14,0,0
BRDA:187,14,1,0
BRDA:191,15,0,0
BRDA:191,15,1,0
BRDA:192,16,0,0
BRDA:192,16,1,0
BRDA:193,17,0,0
BRDA:193,17,1,0
BRDA:204,18,0,0
BRDA:204,18,1,0
BRDA:207,19,0,0
BRDA:207,19,1,0
BRDA:208,20,0,0
BRDA:208,20,1,0
BRDA:209,21,0,0
BRDA:209,21,1,0
BRDA:210,22,0,0
BRDA:210,22,1,0
BRF:44
BRH:0
end_of_record
TN:
SF:/workspace/ChaiDex-Contracts-1/contracts/p2pERC.sol
FN:11,initialize
FN:26,constructor
FN:29,_authorizeUpgrade
FN:30,pause
FN:34,unpause
FN:87,setERCAddress
FN:91,setSwapID
FN:111,setTradeCloneID
FN:133,depositSeller
FN:157,depositBuyer
FN:188,withDrawBuyer
FN:241,refundSeller
FN:286,withdrawFee
FNF:13
FNH:0
FNDA:0,initialize
FNDA:0,constructor
FNDA:0,_authorizeUpgrade
FNDA:0,pause
FNDA:0,unpause
FNDA:0,setERCAddress
FNDA:0,setSwapID
FNDA:0,setTradeCloneID
FNDA:0,depositSeller
FNDA:0,depositBuyer
FNDA:0,withDrawBuyer
FNDA:0,refundSeller
FNDA:0,withdrawFee
DA:12,0
DA:13,0
DA:14,0
DA:27,0
DA:31,0
DA:35,0
DA:88,0
DA:89,0
DA:93,0
DA:94,0
DA:95,0
DA:96,0
DA:97,0
DA:98,0
DA:106,0
DA:107,0
DA:108,0
DA:113,0
DA:114,0
DA:115,0
DA:116,0
DA:117,0
DA:128,0
DA:129,0
DA:130,0
DA:134,0
DA:135,0
DA:136,0
DA:137,0
DA:138,0
DA:139,0
DA:140,0
DA:152,0
DA:153,0
DA:154,0
DA:158,0
DA:159,0
DA:160,0
DA:161,0
DA:163,0
DA:164,0
DA:165,0
DA:166,0
DA:167,0
DA:168,0
DA:169,0
DA:170,0
DA:171,0
DA:172,0
DA:173,0
DA:174,0
DA:176,0
DA:177,0
DA:178,0
DA:180,0
DA:181,0
DA:182,0
DA:183,0
DA:184,0
DA:185,0
DA:190,0
DA:191,0
DA:192,0
DA:193,0
DA:194,0
DA:195,0
DA:196,0
DA:197,0
DA:198,0
DA:199,0
DA:200,0
DA:201,0
DA:202,0
DA:203,0
DA:204,0
DA:205,0
DA:206,0
DA:207,0
DA:208,0
DA:209,0
DA:210,0
DA:211,0
DA:212,0
DA:213,0
DA:242,0
DA:243,0
DA:244,0
DA:245,0
DA:246,0
DA:247,0
DA:248,0
DA:249,0
DA:250,0
DA:251,0
DA:252,0
DA:253,0
DA:254,0
DA:255,0
DA:256,0
DA:288,0
DA:289,0
DA:290,0
LF:102
LH:0
BRDA:11,1,0,0
BRDA:11,1,1,0
BRDA:29,2,0,0
BRDA:29,2,1,0
BRDA:30,3,0,0
BRDA:30,3,1,0
BRDA:34,4,0,0
BRDA:34,4,1,0
BRDA:87,5,0,0
BRDA:87,5,1,0
BRDA:87,6,0,0
BRDA:87,6,1,0
BRDA:91,7,0,0
BRDA:91,7,1,0
BRDA:91,8,0,0
BRDA:91,8,1,0
BRDA:93,9,0,0
BRDA:93,9,1,0
BRDA:94,10,0,0
BRDA:94,10,1,0
BRDA:95,11,0,0
BRDA:95,11,1,0
BRDA:96,12,0,0
BRDA:96,12,1,0
BRDA:111,13,0,0
BRDA:111,13,1,0
BRDA:111,14,0,0
BRDA:111,14,1,0
BRDA:113,15,0,0
BRDA:113,15,1,0
BRDA:114,16,0,0
BRDA:114,16,1,0
BRDA:133,17,0,0
BRDA:133,17,1,0
BRDA:134,18,0,0
BRDA:134,18,1,0
BRDA:135,19,0,0
BRDA:135,19,1,0
BRDA:136,20,0,0
BRDA:136,20,1,0
BRDA:137,21,0,0
BRDA:137,21,1,0
BRDA:157,22,0,0
BRDA:157,22,1,0
BRDA:158,23,0,0
BRDA:158,23,1,0
BRDA:159,24,0,0
BRDA:159,24,1,0
BRDA:160,25,0,0
BRDA:160,25,1,0
BRDA:163,26,0,0
BRDA:163,26,1,0
BRDA:166,27,0,0
BRDA:166,27,1,0
BRDA:168,28,0,0
BRDA:168,28,1,0
BRDA:169,29,0,0
BRDA:169,29,1,0
BRDA:170,30,0,0
BRDA:170,30,1,0
BRDA:173,31,0,0
BRDA:173,31,1,0
BRDA:174,32,0,0
BRDA:174,32,1,0
BRDA:188,33,0,0
BRDA:188,33,1,0
BRDA:190,34,0,0
BRDA:190,34,1,0
BRDA:194,35,0,0
BRDA:194,35,1,0
BRDA:198,36,0,0
BRDA:198,36,1,0
BRDA:199,37,0,0
BRDA:199,37,1,0
BRDA:200,38,0,0
BRDA:200,38,1,0
BRDA:201,39,0,0
BRDA:201,39,1,0
BRDA:203,40,0,0
BRDA:203,40,1,0
BRDA:204,41,0,0
BRDA:204,41,1,0
BRDA:241,42,0,0
BRDA:241,42,1,0
BRDA:242,43,0,0
BRDA:242,43,1,0
BRDA:245,44,0,0
BRDA:245,44,1,0
BRDA:246,45,0,0
BRDA:246,45,1,0
BRDA:247,46,0,0
BRDA:247,46,1,0
BRDA:248,47,0,0
BRDA:248,47,1,0
BRDA:286,48,0,0
BRDA:286,48,1,0
BRDA:286,49,0,0
BRDA:286,49,1,0
BRDA:288,50,0,0
BRDA:288,50,1,0
BRF:100
BRH:0
end_of_record
TN:
SF:/workspace/ChaiDex-Contracts-1/contracts/P2PINRC.sol
FN:11,initialize
FN:26,constructor
FN:29,_authorizeUpgrade
FN:30,pause
FN:34,unpause
FN:89,setINRCAddress
FN:95,PayFeeCHT
FN:104,setSwapID
FN:125,setTradeCloneID
FN:147,depositSeller
FN:171,depositBuyer
FN:202,withDrawBuyer
FN:254,refundSeller
FN:299,withdrawFee
FNF:14
FNH:0
FNDA:0,initialize
FNDA:0,constructor
FNDA:0,_authorizeUpgrade
FNDA:0,pause
FNDA:0,unpause
FNDA:0,setINRCAddress
FNDA:0,PayFeeCHT
FNDA:0,setSwapID
FNDA:0,setTradeCloneID
FNDA:0,depositSeller
FNDA:0,depositBuyer
FNDA:0,withDrawBuyer
FNDA:0,refundSeller
FNDA:0,withdrawFee
DA:12,0
DA:13,0
DA:14,0
DA:27,0
DA:31,0
DA:35,0
DA:90,0
DA:91,0
DA:97,0
DA:98,0
DA:99,0
DA:100,0
DA:101,0
DA:106,0
DA:107,0
DA:108,0
DA:109,0
DA:110,0
DA:111,0
DA:112,0
DA:120,0
DA:121,0
DA:122,0
DA:127,0
DA:128,0
DA:129,0
DA:130,0
DA:131,0
DA:132,0
DA:142,0
DA:143,0
DA:144,0
DA:148,0
DA:149,0
DA:150,0
DA:151,0
DA:152,0
DA:153,0
DA:154,0
DA:155,0
DA:166,0
DA:167,0
DA:168,0
DA:172,0
DA:173,0
DA:174,0
DA:175,0
DA:176,0
DA:178,0
DA:179,0
DA:180,0
DA:181,0
DA:182,0
DA:183,0
DA:184,0
DA:185,0
DA:186,0
DA:187,0
DA:188,0
DA:190,0
DA:191,0
DA:192,0
DA:194,0
DA:195,0
DA:196,0
DA:197,0
DA:198,0
DA:199,0
DA:203,0
DA:204,0
DA:205,0
DA:206,0
DA:207,0
DA:208,0
DA:209,0
DA:210,0
DA:211,0
DA:212,0
DA:213,0
DA:214,0
DA:215,0
DA:216,0
DA:217,0
DA:218,0
DA:219,0
DA:220,0
DA:221,0
DA:222,0
DA:223,0
DA:224,0
DA:225,0
DA:226,0
DA:255,0
DA:256,0
DA:257,0
DA:258,0
DA:259,0
DA:260,0
DA:261,0
DA:262,0
DA:263,0
DA:264,0
DA:265,0
DA:266,0
DA:267,0
DA:268,0
DA:269,0
DA:301,0
DA:302,0
DA:303,0
DA:304,0
DA:305,0
DA:306,0
LF:113
LH:0
BRDA:11,1,0,0
BRDA:11,1,1,0
BRDA:29,2,0,0
BRDA:29,2,1,0
BRDA:30,3,0,0
BRDA:30,3,1,0
BRDA:34,4,0,0
BRDA:34,4,1,0
BRDA:89,5,0,0
BRDA:89,5,1,0
BRDA:89,6,0,0
BRDA:89,6,1,0
BRDA:95,7,0,0
BRDA:95,7,1,0
BRDA:97,8,0,0
BRDA:97,8,1,0
BRDA:98,9,0,0
BRDA:98,9,1,0
BRDA:104,10,0,0
BRDA:104,10,1,0
BRDA:104,11,0,0
BRDA:104,11,1,0
BRDA:106,12,0,0
BRDA:106,12,1,0
BRDA:107,13,0,0
BRDA:107,13,1,0
BRDA:108,14,0,0
BRDA:108,14,1,0
BRDA:109,15,0,0
BRDA:109,15,1,0
BRDA:110,16,0,0
BRDA:110,16,1,0
BRDA:125,17,0,0
BRDA:125,17,1,0
BRDA:125,18,0,0
BRDA:125,18,1,0
BRDA:127,19,0,0
BRDA:127,19,1,0
BRDA:128,20,0,0
BRDA:128,20,1,0
BRDA:129,21,0,0
BRDA:129,21,1,0
BRDA:147,22,0,0
BRDA:147,22,1,0
BRDA:148,23,0,0
BRDA:148,23,1,0
BRDA:149,24,0,0
BRDA:149,24,1,0
BRDA:150,25,0,0
BRDA:150,25,1,0
BRDA:151,26,0,0
BRDA:151,26,1,0
BRDA:152,27,0,0
BRDA:152,27,1,0
BRDA:171,28,0,0
BRDA:171,28,1,0
BRDA:172,29,0,0
BRDA:172,29,1,0
BRDA:173,30,0,0
BRDA:173,30,1,0
BRDA:174,31,0,0
BRDA:174,31,1,0
BRDA:175,32,0,0
BRDA:175,32,1,0
BRDA:178,33,0,0
BRDA:178,33,1,0
BRDA:181,34,0,0
BRDA:181,34,1,0
BRDA:183,35,0,0
BRDA:183,35,1,0
BRDA:184,36,0,0
BRDA:184,36,1,0
BRDA:185,37,0,0
BRDA:185,37,1,0
BRDA:187,38,0,0
BRDA:187,38,1,0
BRDA:188,39,0,0
BRDA:188,39,1,0
BRDA:202,40,0,0
BRDA:202,40,1,0
BRDA:203,41,0,0
BRDA:203,41,1,0
BRDA:204,42,0,0
BRDA:204,42,1,0
BRDA:208,43,0,0
BRDA:208,43,1,0
BRDA:212,44,0,0
BRDA:212,44,1,0
BRDA:213,45,0,0
BRDA:213,45,1,0
BRDA:214,46,0,0
BRDA:214,46,1,0
BRDA:215,47,0,0
BRDA:215,47,1,0
BRDA:217,48,0,0
BRDA:217,48,1,0
BRDA:218,49,0,0
BRDA:218,49,1,0
BRDA:254,50,0,0
BRDA:254,50,1,0
BRDA:255,51,0,0
BRDA:255,51,1,0
BRDA:256,52,0,0
BRDA:256,52,1,0
BRDA:259,53,0,0
BRDA:259,53,1,0
BRDA:260,54,0,0
BRDA:260,54,1,0
BRDA:261,55,0,0
BRDA:261,55,1,0
BRDA:262,56,0,0
BRDA:262,56,1,0
BRDA:299,57,0,0
BRDA:299,57,1,0
BRDA:299,58,0,0
BRDA:299,58,1,0
BRDA:301,59,0,0
BRDA:301,59,1,0
BRDA:302,60,0,0
BRDA:302,60,1,0
BRF:120
BRH:0
end_of_record
TN:
SF:/workspace/ChaiDex-Contracts-1/contracts/P2Pnative.sol
FN:10,initialize
FN:25,constructor
FN:28,_authorizeUpgrade
FN:29,pause
FN:33,unpause
FN:91,setSwapID
FN:111,setTradeCloneID
FN:132,depositSeller
FN:155,depositBuyer
FN:185,withDrawBuyer
FN:237,refundSeller
FN:281,withdrawFee
FNF:12
FNH:0
FNDA:0,initialize
FNDA:0,constructor
FNDA:0,_authorizeUpgrade
FNDA:0,pause
FNDA:0,unpause
FNDA:0,setSwapID
FNDA:0,setTradeCloneID
FNDA:0,depositSeller
FNDA:0,depositBuyer
FNDA:0,withDrawBuyer
FNDA:0,refundSeller
FNDA:0,withdrawFee
DA:11,0
DA:12,0
DA:13,0
DA:26,0
DA:30,0
DA:34,0
DA:93,0
DA:94,0
DA:95,0
DA:96,0
DA:97,0
DA:98,0
DA:106,0
DA:107,0
DA:108,0
DA:113,0
DA:114,0
DA:115,0
DA:116,0
DA:117,0
DA:127,0
DA:128,0
DA:129,0
DA:133,0
DA:134,0
DA:135,0
DA:136,0
DA:137,0
DA:138,0
DA:139,0
DA:140,0
DA:151,0
DA:152,0
DA:156,0
DA:157,0
DA:158,0
DA:159,0
DA:160,0
DA:162,0
DA:163,0
DA:164,0
DA:165,0
DA:166,0
DA:167,0
DA:168,0
DA:169,0
DA:170,0
DA:171,0
DA:172,0
DA:174,0
DA:175,0
DA:177,0
DA:178,0
DA:179,0
DA:180,0
DA:181,0
DA:182,0
DA:186,0
DA:187,0
DA:188,0
DA:189,0
DA:190,0
DA:191,0
DA:192,0
DA:193,0
DA:194,0
DA:195,0
DA:196,0
DA:197,0
DA:198,0
DA:199,0
DA:200,0
DA:201,0
DA:202,0
DA:203,0
DA:204,0
DA:205,0
DA:206,0
DA:207,0
DA:208,0
DA:209,0
DA:238,0
DA:239,0
DA:240,0
DA:241,0
DA:242,0
DA:243,0
DA:244,0
DA:245,0
DA:246,0
DA:247,0
DA:248,0
DA:249,0
DA:250,0
DA:251,0
DA:283,0
DA:284,0
DA:285,0
LF:98
LH:0
BRDA:10,1,0,0
BRDA:10,1,1,0
BRDA:28,2,0,0
BRDA:28,2,1,0
BRDA:29,3,0,0
BRDA:29,3,1,0
BRDA:33,4,0,0
BRDA:33,4,1,0
BRDA:91,5,0,0
BRDA:91,5,1,0
BRDA:91,6,0,0
BRDA:91,6,1,0
BRDA:93,7,0,0
BRDA:93,7,1,0
BRDA:94,8,0,0
BRDA:94,8,1,0
BRDA:95,9,0,0
BRDA:95,9,1,0
BRDA:96,10,0,0
BRDA:96,10,1,0
BRDA:111,11,0,0
BRDA:111,11,1,0
BRDA:111,12,0,0
BRDA:111,12,1,0
BRDA:113,13,0,0
BRDA:113,13,1,0
BRDA:114,14,0,0
BRDA:114,14,1,0
BRDA:132,15,0,0
BRDA:132,15,1,0
BRDA:133,16,0,0
BRDA:133,16,1,0
BRDA:134,17,0,0
BRDA:134,17,1,0
BRDA:135,18,0,0
BRDA:135,18,1,0
BRDA:136,19,0,0
BRDA:136,19,1,0
BRDA:137,20,0,0
BRDA:137,20,1,0
BRDA:155,21,0,0
BRDA:155,21,1,0
BRDA:156,22,0,0
BRDA:156,22,1,0
BRDA:157,23,0,0
BRDA:157,23,1,0
BRDA:158,24,0,0
BRDA:158,24,1,0
BRDA:159,25,0,0
BRDA:159,25,1,0
BRDA:162,26,0,0
BRDA:162,26,1,0
BRDA:165,27,0,0
BRDA:165,27,1,0
BRDA:167,28,0,0
BRDA:167,28,1,0
BRDA:168,29,0,0
BRDA:168,29,1,0
BRDA:169,30,0,0
BRDA:169,30,1,0
BRDA:171,31,0,0
BRDA:171,31,1,0
BRDA:172,32,0,0
BRDA:172,32,1,0
BRDA:185,33,0,0
BRDA:185,33,1,0
BRDA:186,34,0,0
BRDA:186,34,1,0
BRDA:187,35,0,0
BRDA:187,35,1,0
BRDA:191,36,0,0
BRDA:191,36,1,0
BRDA:195,37,0,0
BRDA:195,37,1,0
BRDA:196,38,0,0
BRDA:196,38,1,0
BRDA:197,39,0,0
BRDA:197,39,1,0
BRDA:198,40,0,0
BRDA:198,40,1,0
BRDA:200,41,0,0
BRDA:200,41,1,0
BRDA:201,42,0,0
BRDA:201,42,1,0
BRDA:237,43,0,0
BRDA:237,43,1,0
BRDA:238,44,0,0
BRDA:238,44,1,0
BRDA:241,45,0,0
BRDA:241,45,1,0
BRDA:242,46,0,0
BRDA:242,46,1,0
BRDA:243,47,0,0
BRDA:243,47,1,0
BRDA:244,48,0,0
BRDA:244,48,1,0
BRDA:281,49,0,0
BRDA:281,49,1,0
BRDA:281,50,0,0
BRDA:281,50,1,0
BRDA:283,51,0,0
BRDA:283,51,1,0
BRF:102
BRH:0
end_of_record
TN:
SF:/workspace/ChaiDex-Contracts-1/contracts/Test_usd.sol
FN:8,constructor
FNF:1
FNH:1
FNDA:9,constructor
DA:9,9
LF:1
LH:1
BRF:0
BRH:0
end_of_record
TN:
SF:/workspace/ChaiDex-Contracts-1/contracts/TPfortron.sol
FN:10,constructor
FN:30,setMinter
FN:33,setDisable
FN:38,pause
FN:43,unpause
FN:50,setUSDAddress
FN:57,Buy
FN:70,BuyNat
FN:83,Redeem
FN:93,RedeemNat
FN:105,getTPbalance
FNF:11
FNH:0
FNDA:0,constructor
FNDA:0,setMinter
FNDA:0,setDisable
FNDA:0,pause
FNDA:0,unpause
FNDA:0,setUSDAddress
FNDA:0,Buy
FNDA:0,BuyNat
FNDA:0,Redeem
FNDA:0,RedeemNat
FNDA:0,getTPbalance
DA:31,0
DA:34,0
DA:39,0
DA:44,0
DA:51,0
DA:52,0
DA:58,0
DA:59,0
DA:60,0
DA:61,0
DA:63,0
DA:68,0
DA:71,0
DA:72,0
DA:73,0
DA:74,0
DA:75,0
DA:76,0
DA:84,0
DA:85,0
DA:86,0
DA:87,0
DA:89,0
DA:90,0
DA:94,0
DA:95,0
DA:96,0
DA:97,0
DA:98,0
DA:99,0
DA:101,0
DA:102,0
DA:106,0
DA:107,0
DA:109,0
DA:111,0
LF:36
LH:0
BRDA:30,1,0,0
BRDA:30,1,1,0
BRDA:30,2,0,0
BRDA:30,2,1,0
BRDA:33,3,0,0
BRDA:33,3,1,0
BRDA:33,4,0,0
BRDA:33,4,1,0
BRDA:38,5,0,0
BRDA:38,5,1,0
BRDA:43,6,0,0
BRDA:43,6,1,0
BRDA:50,7,0,0
BRDA:50,7,1,0
BRDA:50,8,0,0
BRDA:50,8,1,0
BRDA:57,9,0,0
BRDA:57,9,1,0
BRDA:58,10,0,0
BRDA:58,10,1,0
BRDA:59,11,0,0
BRDA:59,11,1,0
BRDA:70,12,0,0
BRDA:70,12,1,0
BRDA:71,13,0,0
BRDA:71,13,1,0
BRDA:72,14,0,0
BRDA:72,14,1,0
BRDA:73,15,0,0
BRDA:73,15,1,0
BRDA:83,16,0,0
BRDA:83,16,1,0
BRDA:83,17,0,0
BRDA:83,17,1,0
BRDA:84,18,0,0
BRDA:84,18,1,0
BRDA:85,19,0,0
BRDA:85,19,1,0
BRDA:93,20,0,0
BRDA:93,20,1,0
BRDA:93,21,0,0
BRDA:93,21,1,0
BRDA:94,22,0,0
BRDA:94,22,1,0
BRDA:95,23,0,0
BRDA:95,23,1,0
BRDA:96,24,0,0
BRDA:96,24,1,0
BRDA:97,25,0,0
BRDA:97,25,1,0
BRF:50
BRH:0
end_of_record
TN:
SF:/workspace/ChaiDex-Contracts-1/contracts/treasuryPool.sol
FN:11,initialize
FN:17,constructor
FN:20,_authorizeUpgrade
FN:43,setMinter
FN:46,setDisable
FN:51,pause
FN:56,unpause
FN:63,setUSDAddress
FN:70,Buy
FN:83,BuyNat
FN:96,Redeem
FN:106,RedeemNat
FN:118,getTPbalance
FNF:13
FNH:2
FNDA:3,initialize
FNDA:3,constructor
FNDA:0,_authorizeUpgrade
FNDA:0,setMinter
FNDA:0,setDisable
FNDA:0,pause
FNDA:0,unpause
FNDA:0,setUSDAddress
FNDA:0,Buy
FNDA:0,BuyNat
FNDA:0,Redeem
FNDA:0,RedeemNat
FNDA:0,getTPbalance
DA:12,3
DA:13,3
DA:14,3
DA:18,3
DA:44,0
DA:47,0
DA:52,0
DA:57,0
DA:64,0
DA:65,0
DA:71,0
DA:72,0
DA:73,0
DA:74,0
DA:76,0
DA:81,0
DA:84,0
DA:85,0
DA:86,0
DA:87,0
DA:88,0
DA:89,0
DA:97,0
DA:98,0
DA:99,0
DA:100,0
DA:102,0
DA:103,0
DA:107,0
DA:108,0
DA:109,0
DA:110,0
DA:111,0
DA:112,0
DA:114,0
DA:115,0
DA:119,0
DA:120,0
DA:122,0
DA:124,0
LF:40
LH:4
BRDA:11,1,0,3
BRDA:11,1,1,0
BRDA:20,2,0,0
BRDA:20,2,1,0
BRDA:43,3,0,0
BRDA:43,3,1,0
BRDA:43,4,0,0
BRDA:43,4,1,0
BRDA:46,5,0,0
BRDA:46,5,1,0
BRDA:46,6,0,0
BRDA:46,6,1,0
BRDA:51,7,0,0
BRDA:51,7,1,0
BRDA:56,8,0,0
BRDA:56,8,1,0
BRDA:63,9,0,0
BRDA:63,9,1,0
BRDA:63,10,0,0
BRDA:63,10,1,0
BRDA:70,11,0,0
BRDA:70,11,1,0
BRDA:71,12,0,0
BRDA:71,12,1,0
BRDA:72,13,0,0
BRDA:72,13,1,0
BRDA:83,14,0,0
BRDA:83,14,1,0
BRDA:84,15,0,0
BRDA:84,15,1,0
BRDA:85,16,0,0
BRDA:85,16,1,0
BRDA:86,17,0,0
BRDA:86,17,1,0
BRDA:96,18,0,0
BRDA:96,18,1,0
BRDA:96,19,0,0
BRDA:96,19,1,0
BRDA:97,20,0,0
BRDA:97,20,1,0
BRDA:98,21,0,0
BRDA:98,21,1,0
BRDA:106,22,0,0
BRDA:106,22,1,0
BRDA:106,23,0,0
BRDA:106,23,1,0
BRDA:107,24,0,0
BRDA:107,24,1,0
BRDA:108,25,0,0
BRDA:108,25,1,0
BRDA:109,26,0,0
BRDA:109,26,1,0
BRDA:110,27,0,0
BRDA:110,27,1,0
BRF:54
BRH:1
end_of_record
