TN:
SF:/workspaces/ChaiDex-Contracts-1/contracts/apy.sol
FN:17,constructor
FN:22,setAddress
FN:27,fees
FNF:3
FNH:0
FNDA:0,constructor
FNDA:0,setAddress
FNDA:0,fees
DA:18,0
DA:19,0
DA:20,0
DA:23,0
DA:28,0
DA:29,0
DA:30,0
DA:31,0
DA:32,0
DA:33,0
LF:10
LH:0
BRDA:22,1,0,0
BRDA:22,1,1,0
BRDA:28,2,0,0
BRDA:28,2,1,0
BRDA:31,3,0,0
BRDA:31,3,1,0
BRDA:32,4,0,0
BRDA:32,4,1,0
BRF:8
BRH:0
end_of_record
TN:
SF:/workspaces/ChaiDex-Contracts-1/contracts/Chait.sol
FN:13,constructor
FN:17,initialize
FN:30,_authorizeUpgrade
FNF:3
FNH:0
FNDA:0,constructor
FNDA:0,initialize
FNDA:0,_authorizeUpgrade
DA:14,0
DA:18,0
DA:19,0
DA:20,0
DA:21,0
DA:23,0
LF:6
LH:0
BRDA:17,1,0,0
BRDA:17,1,1,0
BRDA:30,2,0,0
BRDA:30,2,1,0
BRF:4
BRH:0
end_of_record
TN:
SF:/workspaces/ChaiDex-Contracts-1/contracts/HTLC.sol
FNF:0
FNH:0
LF:0
LH:0
BRF:0
BRH:0
end_of_record
TN:
SF:/workspaces/ChaiDex-Contracts-1/contracts/INRC.sol
FN:16,initialize
FN:23,constructor
FN:26,pause
FN:30,unpause
FN:36,setBurnwhitelist
FN:39,setEpoch
FN:44,_beforeTokenTransfer
FN:50,decimals
FN:55,issue
FN:61,redeem
FN:71,_authorizeUpgrade
FNF:11
FNH:0
FNDA:0,initialize
FNDA:0,constructor
FNDA:0,pause
FNDA:0,unpause
FNDA:0,setBurnwhitelist
FNDA:0,setEpoch
FNDA:0,_beforeTokenTransfer
FNDA:0,decimals
FNDA:0,issue
FNDA:0,redeem
FNDA:0,_authorizeUpgrade
DA:17,0
DA:18,0
DA:19,0
DA:20,0
DA:24,0
DA:27,0
DA:31,0
DA:37,0
DA:40,0
DA:47,0
DA:51,0
DA:56,0
DA:57,0
DA:58,0
DA:62,0
DA:63,0
DA:64,0
DA:65,0
DA:66,0
LF:19
LH:0
BRDA:16,1,0,0
BRDA:16,1,1,0
BRDA:26,2,0,0
BRDA:26,2,1,0
BRDA:30,3,0,0
BRDA:30,3,1,0
BRDA:36,4,0,0
BRDA:36,4,1,0
BRDA:36,5,0,0
BRDA:36,5,1,0
BRDA:39,6,0,0
BRDA:39,6,1,0
BRDA:39,7,0,0
BRDA:39,7,1,0
BRDA:44,8,0,0
BRDA:44,8,1,0
BRDA:55,9,0,0
BRDA:55,9,1,0
BRDA:56,10,0,0
BRDA:56,10,1,0
BRDA:62,11,0,0
BRDA:62,11,1,0
BRDA:63,12,0,0
BRDA:63,12,1,0
BRDA:64,13,0,0
BRDA:64,13,1,0
BRDA:71,14,0,0
BRDA:71,14,1,0
BRF:28
BRH:0
end_of_record
TN:
SF:/workspaces/ChaiDex-Contracts-1/contracts/LiquidityPool.sol
FN:17,initialize
FN:23,constructor
FN:26,_authorizeUpgrade
FN:27,pause
FN:31,unpause
FN:116,setEpoch
FN:120,setUnstake
FN:128,setUSDAddress
FN:141,stake
FN:152,unstake
FN:155,unstakeAll
FN:167,_stake
FN:200,_unStake
FN:218,_unstakeAll
FN:236,getLPbalance
FN:246,GetStakers
FNF:16
FNH:15
FNDA:3,initialize
FNDA:3,constructor
FNDA:0,_authorizeUpgrade
FNDA:2,pause
FNDA:1,unpause
FNDA:2,setEpoch
FNDA:3,setUnstake
FNDA:2,setUSDAddress
FNDA:8,stake
FNDA:7,unstake
FNDA:5,unstakeAll
FNDA:7,_stake
FNDA:5,_unStake
FNDA:4,_unstakeAll
FNDA:1,getLPbalance
FNDA:1,GetStakers
DA:18,3
DA:19,3
DA:20,3
DA:24,3
DA:28,2
DA:32,1
DA:117,2
DA:121,3
DA:129,2
DA:130,2
DA:142,8
DA:153,7
DA:156,5
DA:168,7
DA:169,7
DA:170,6
DA:175,7
DA:180,7
DA:181,7
DA:182,7
DA:183,7
DA:184,7
DA:185,7
DA:186,6
DA:187,6
DA:189,7
DA:201,5
DA:202,5
DA:206,3
DA:207,3
DA:208,3
DA:209,3
DA:210,3
DA:211,3
DA:212,3
DA:213,3
DA:214,3
DA:215,3
DA:220,4
DA:221,4
DA:222,3
DA:223,3
DA:224,2
DA:225,2
DA:226,2
DA:227,2
DA:228,2
DA:229,2
DA:231,2
DA:232,2
DA:237,1
DA:238,1
DA:240,2
DA:242,1
DA:247,1
DA:248,1
DA:250,2
DA:252,1
LF:58
LH:58
BRDA:17,1,0,3
BRDA:17,1,1,0
BRDA:26,2,0,0
BRDA:26,2,1,0
BRDA:27,3,0,2
BRDA:27,3,1,1
BRDA:31,4,0,1
BRDA:31,4,1,1
BRDA:116,5,0,3
BRDA:116,5,1,1
BRDA:116,6,0,2
BRDA:116,6,1,1
BRDA:120,7,0,4
BRDA:120,7,1,1
BRDA:120,8,0,3
BRDA:120,8,1,1
BRDA:128,9,0,3
BRDA:128,9,1,1
BRDA:128,10,0,2
BRDA:128,10,1,1
BRDA:167,11,0,7
BRDA:167,11,1,1
BRDA:168,12,0,7
BRDA:168,12,1,0
BRDA:169,13,0,6
BRDA:169,13,1,1
BRDA:185,14,0,6
BRDA:185,14,1,1
BRDA:200,15,0,5
BRDA:200,15,1,2
BRDA:202,16,0,3
BRDA:202,16,1,2
BRDA:206,17,0,3
BRDA:206,17,1,0
BRDA:207,18,0,3
BRDA:207,18,1,0
BRDA:208,19,0,3
BRDA:208,19,1,0
BRDA:218,20,0,4
BRDA:218,20,1,1
BRDA:221,21,0,3
BRDA:221,21,1,1
BRDA:222,22,0,3
BRDA:222,22,1,0
BRDA:223,23,0,2
BRDA:223,23,1,1
BRDA:224,24,0,2
BRDA:224,24,1,0
BRF:48
BRH:39
end_of_record
TN:
SF:/workspaces/ChaiDex-Contracts-1/contracts/LPfortron.sol
FN:11,unpause
FN:15,pause
FN:18,constructor
FN:100,setEpoch
FN:104,setUnstake
FN:112,setUSDAddress
FN:125,stake
FN:136,unstake
FN:139,unstakeAll
FN:151,_stake
FN:186,_unStake
FN:205,_unstakeAll
FN:223,getLPbalance
FN:233,GetStakers
FNF:14
FNH:0
FNDA:0,unpause
FNDA:0,pause
FNDA:0,constructor
FNDA:0,setEpoch
FNDA:0,setUnstake
FNDA:0,setUSDAddress
FNDA:0,stake
FNDA:0,unstake
FNDA:0,unstakeAll
FNDA:0,_stake
FNDA:0,_unStake
FNDA:0,_unstakeAll
FNDA:0,getLPbalance
FNDA:0,GetStakers
DA:12,0
DA:16,0
DA:101,0
DA:105,0
DA:113,0
DA:114,0
DA:126,0
DA:137,0
DA:140,0
DA:152,0
DA:153,0
DA:154,0
DA:160,0
DA:165,0
DA:166,0
DA:167,0
DA:168,0
DA:169,0
DA:170,0
DA:171,0
DA:172,0
DA:175,0
DA:187,0
DA:188,0
DA:192,0
DA:193,0
DA:194,0
DA:195,0
DA:196,0
DA:197,0
DA:198,0
DA:199,0
DA:201,0
DA:202,0
DA:207,0
DA:208,0
DA:209,0
DA:210,0
DA:211,0
DA:212,0
DA:213,0
DA:214,0
DA:215,0
DA:216,0
DA:218,0
DA:219,0
DA:224,0
DA:225,0
DA:227,0
DA:229,0
DA:234,0
DA:235,0
DA:237,0
DA:239,0
LF:54
LH:0
BRDA:11,1,0,0
BRDA:11,1,1,0
BRDA:15,2,0,0
BRDA:15,2,1,0
BRDA:100,3,0,0
BRDA:100,3,1,0
BRDA:100,4,0,0
BRDA:100,4,1,0
BRDA:104,5,0,0
BRDA:104,5,1,0
BRDA:104,6,0,0
BRDA:104,6,1,0
BRDA:112,7,0,0
BRDA:112,7,1,0
BRDA:112,8,0,0
BRDA:112,8,1,0
BRDA:151,9,0,0
BRDA:151,9,1,0
BRDA:152,10,0,0
BRDA:152,10,1,0
BRDA:153,11,0,0
BRDA:153,11,1,0
BRDA:170,12,0,0
BRDA:170,12,1,0
BRDA:186,13,0,0
BRDA:186,13,1,0
BRDA:188,14,0,0
BRDA:188,14,1,0
BRDA:192,15,0,0
BRDA:192,15,1,0
BRDA:193,16,0,0
BRDA:193,16,1,0
BRDA:194,17,0,0
BRDA:194,17,1,0
BRDA:205,18,0,0
BRDA:205,18,1,0
BRDA:208,19,0,0
BRDA:208,19,1,0
BRDA:209,20,0,0
BRDA:209,20,1,0
BRDA:210,21,0,0
BRDA:210,21,1,0
BRDA:211,22,0,0
BRDA:211,22,1,0
BRF:44
BRH:0
end_of_record
TN:
SF:/workspaces/ChaiDex-Contracts-1/contracts/p2pERC.sol
FN:13,initialize
FN:28,constructor
FN:31,_authorizeUpgrade
FN:32,pause
FN:36,unpause
FN:89,setERCAddress
FN:93,setSwapID
FN:113,setTradeCloneID
FN:135,depositSeller
FN:159,depositBuyer
FN:191,withDrawBuyer
FN:246,refundSeller
FN:291,withdrawFee
FNF:13
FNH:0
FNDA:0,initialize
FNDA:0,constructor
FNDA:0,_authorizeUpgrade
FNDA:0,pause
FNDA:0,unpause
FNDA:0,setERCAddress
FNDA:0,setSwapID
FNDA:0,setTradeCloneID
FNDA:0,depositSeller
FNDA:0,depositBuyer
FNDA:0,withDrawBuyer
FNDA:0,refundSeller
FNDA:0,withdrawFee
DA:14,0
DA:15,0
DA:16,0
DA:29,0
DA:33,0
DA:37,0
DA:90,0
DA:91,0
DA:95,0
DA:96,0
DA:97,0
DA:98,0
DA:99,0
DA:100,0
DA:108,0
DA:109,0
DA:110,0
DA:115,0
DA:116,0
DA:117,0
DA:118,0
DA:119,0
DA:130,0
DA:131,0
DA:132,0
DA:136,0
DA:137,0
DA:138,0
DA:139,0
DA:140,0
DA:141,0
DA:142,0
DA:154,0
DA:155,0
DA:156,0
DA:160,0
DA:161,0
DA:162,0
DA:163,0
DA:165,0
DA:166,0
DA:167,0
DA:168,0
DA:169,0
DA:170,0
DA:171,0
DA:172,0
DA:173,0
DA:174,0
DA:175,0
DA:176,0
DA:177,0
DA:179,0
DA:180,0
DA:181,0
DA:184,0
DA:185,0
DA:186,0
DA:187,0
DA:188,0
DA:193,0
DA:194,0
DA:195,0
DA:196,0
DA:197,0
DA:198,0
DA:199,0
DA:200,0
DA:201,0
DA:202,0
DA:203,0
DA:204,0
DA:205,0
DA:206,0
DA:207,0
DA:208,0
DA:209,0
DA:210,0
DA:211,0
DA:212,0
DA:213,0
DA:214,0
DA:215,0
DA:216,0
DA:217,0
DA:218,0
DA:247,0
DA:248,0
DA:249,0
DA:250,0
DA:251,0
DA:252,0
DA:253,0
DA:254,0
DA:255,0
DA:256,0
DA:257,0
DA:258,0
DA:259,0
DA:260,0
DA:261,0
DA:293,0
DA:294,0
DA:295,0
LF:104
LH:0
BRDA:13,1,0,0
BRDA:13,1,1,0
BRDA:31,2,0,0
BRDA:31,2,1,0
BRDA:32,3,0,0
BRDA:32,3,1,0
BRDA:36,4,0,0
BRDA:36,4,1,0
BRDA:89,5,0,0
BRDA:89,5,1,0
BRDA:89,6,0,0
BRDA:89,6,1,0
BRDA:93,7,0,0
BRDA:93,7,1,0
BRDA:93,8,0,0
BRDA:93,8,1,0
BRDA:95,9,0,0
BRDA:95,9,1,0
BRDA:96,10,0,0
BRDA:96,10,1,0
BRDA:97,11,0,0
BRDA:97,11,1,0
BRDA:98,12,0,0
BRDA:98,12,1,0
BRDA:113,13,0,0
BRDA:113,13,1,0
BRDA:113,14,0,0
BRDA:113,14,1,0
BRDA:115,15,0,0
BRDA:115,15,1,0
BRDA:116,16,0,0
BRDA:116,16,1,0
BRDA:135,17,0,0
BRDA:135,17,1,0
BRDA:136,18,0,0
BRDA:136,18,1,0
BRDA:137,19,0,0
BRDA:137,19,1,0
BRDA:138,20,0,0
BRDA:138,20,1,0
BRDA:139,21,0,0
BRDA:139,21,1,0
BRDA:159,22,0,0
BRDA:159,22,1,0
BRDA:160,23,0,0
BRDA:160,23,1,0
BRDA:161,24,0,0
BRDA:161,24,1,0
BRDA:162,25,0,0
BRDA:162,25,1,0
BRDA:165,26,0,0
BRDA:165,26,1,0
BRDA:168,27,0,0
BRDA:168,27,1,0
BRDA:170,28,0,0
BRDA:170,28,1,0
BRDA:171,29,0,0
BRDA:171,29,1,0
BRDA:172,30,0,0
BRDA:172,30,1,0
BRDA:176,31,0,0
BRDA:176,31,1,0
BRDA:177,32,0,0
BRDA:177,32,1,0
BRDA:191,33,0,0
BRDA:191,33,1,0
BRDA:193,34,0,0
BRDA:193,34,1,0
BRDA:196,35,0,0
BRDA:196,35,1,0
BRDA:198,36,0,0
BRDA:198,36,1,0
BRDA:202,37,0,0
BRDA:202,37,1,0
BRDA:203,38,0,0
BRDA:203,38,1,0
BRDA:204,39,0,0
BRDA:204,39,1,0
BRDA:205,40,0,0
BRDA:205,40,1,0
BRDA:207,41,0,0
BRDA:207,41,1,0
BRDA:208,42,0,0
BRDA:208,42,1,0
BRDA:246,43,0,0
BRDA:246,43,1,0
BRDA:247,44,0,0
BRDA:247,44,1,0
BRDA:250,45,0,0
BRDA:250,45,1,0
BRDA:251,46,0,0
BRDA:251,46,1,0
BRDA:252,47,0,0
BRDA:252,47,1,0
BRDA:253,48,0,0
BRDA:253,48,1,0
BRDA:291,49,0,0
BRDA:291,49,1,0
BRDA:291,50,0,0
BRDA:291,50,1,0
BRDA:293,51,0,0
BRDA:293,51,1,0
BRF:102
BRH:0
end_of_record
TN:
SF:/workspaces/ChaiDex-Contracts-1/contracts/P2PINRC.sol
FN:13,initialize
FN:28,constructor
FN:31,_authorizeUpgrade
FN:32,pause
FN:36,unpause
FN:91,setINRCAddress
FN:97,PayFeeCHT
FN:107,setSwapID
FN:128,setTradeCloneID
FN:150,depositSeller
FN:175,depositBuyer
FN:207,withDrawBuyer
FN:261,refundSeller
FN:306,withdrawFee
FNF:14
FNH:3
FNDA:3,initialize
FNDA:3,constructor
FNDA:0,_authorizeUpgrade
FNDA:0,pause
FNDA:0,unpause
FNDA:1,setINRCAddress
FNDA:0,PayFeeCHT
FNDA:0,setSwapID
FNDA:0,setTradeCloneID
FNDA:0,depositSeller
FNDA:0,depositBuyer
FNDA:0,withDrawBuyer
FNDA:0,refundSeller
FNDA:0,withdrawFee
DA:14,3
DA:15,3
DA:16,3
DA:29,3
DA:33,0
DA:37,0
DA:92,1
DA:93,1
DA:99,0
DA:100,0
DA:101,0
DA:102,0
DA:103,0
DA:109,0
DA:110,0
DA:111,0
DA:112,0
DA:113,0
DA:114,0
DA:115,0
DA:123,0
DA:124,0
DA:125,0
DA:130,0
DA:131,0
DA:132,0
DA:133,0
DA:134,0
DA:135,0
DA:145,0
DA:146,0
DA:147,0
DA:151,0
DA:152,0
DA:153,0
DA:154,0
DA:155,0
DA:156,0
DA:157,0
DA:158,0
DA:170,0
DA:171,0
DA:172,0
DA:176,0
DA:177,0
DA:178,0
DA:179,0
DA:180,0
DA:182,0
DA:183,0
DA:184,0
DA:185,0
DA:186,0
DA:187,0
DA:188,0
DA:189,0
DA:190,0
DA:191,0
DA:192,0
DA:193,0
DA:195,0
DA:196,0
DA:197,0
DA:200,0
DA:201,0
DA:202,0
DA:203,0
DA:204,0
DA:208,0
DA:209,0
DA:210,0
DA:211,0
DA:212,0
DA:213,0
DA:214,0
DA:215,0
DA:216,0
DA:217,0
DA:218,0
DA:219,0
DA:220,0
DA:221,0
DA:222,0
DA:223,0
DA:224,0
DA:225,0
DA:226,0
DA:227,0
DA:228,0
DA:229,0
DA:230,0
DA:231,0
DA:232,0
DA:233,0
DA:262,0
DA:263,0
DA:264,0
DA:265,0
DA:266,0
DA:267,0
DA:268,0
DA:269,0
DA:270,0
DA:271,0
DA:272,0
DA:273,0
DA:274,0
DA:275,0
DA:276,0
DA:308,0
DA:309,0
DA:310,0
DA:311,0
DA:312,0
DA:313,0
LF:115
LH:6
BRDA:13,1,0,3
BRDA:13,1,1,0
BRDA:31,2,0,0
BRDA:31,2,1,0
BRDA:32,3,0,0
BRDA:32,3,1,0
BRDA:36,4,0,0
BRDA:36,4,1,0
BRDA:91,5,0,1
BRDA:91,5,1,0
BRDA:91,6,0,1
BRDA:91,6,1,0
BRDA:97,7,0,0
BRDA:97,7,1,0
BRDA:99,8,0,0
BRDA:99,8,1,0
BRDA:100,9,0,0
BRDA:100,9,1,0
BRDA:107,10,0,0
BRDA:107,10,1,0
BRDA:107,11,0,0
BRDA:107,11,1,0
BRDA:109,12,0,0
BRDA:109,12,1,0
BRDA:110,13,0,0
BRDA:110,13,1,0
BRDA:111,14,0,0
BRDA:111,14,1,0
BRDA:112,15,0,0
BRDA:112,15,1,0
BRDA:113,16,0,0
BRDA:113,16,1,0
BRDA:128,17,0,0
BRDA:128,17,1,0
BRDA:128,18,0,0
BRDA:128,18,1,0
BRDA:130,19,0,0
BRDA:130,19,1,0
BRDA:131,20,0,0
BRDA:131,20,1,0
BRDA:132,21,0,0
BRDA:132,21,1,0
BRDA:150,22,0,0
BRDA:150,22,1,0
BRDA:151,23,0,0
BRDA:151,23,1,0
BRDA:152,24,0,0
BRDA:152,24,1,0
BRDA:153,25,0,0
BRDA:153,25,1,0
BRDA:154,26,0,0
BRDA:154,26,1,0
BRDA:155,27,0,0
BRDA:155,27,1,0
BRDA:175,28,0,0
BRDA:175,28,1,0
BRDA:176,29,0,0
BRDA:176,29,1,0
BRDA:177,30,0,0
BRDA:177,30,1,0
BRDA:178,31,0,0
BRDA:178,31,1,0
BRDA:179,32,0,0
BRDA:179,32,1,0
BRDA:182,33,0,0
BRDA:182,33,1,0
BRDA:185,34,0,0
BRDA:185,34,1,0
BRDA:187,35,0,0
BRDA:187,35,1,0
BRDA:188,36,0,0
BRDA:188,36,1,0
BRDA:189,37,0,0
BRDA:189,37,1,0
BRDA:191,38,0,0
BRDA:191,38,1,0
BRDA:193,39,0,0
BRDA:193,39,1,0
BRDA:207,40,0,0
BRDA:207,40,1,0
BRDA:208,41,0,0
BRDA:208,41,1,0
BRDA:209,42,0,0
BRDA:209,42,1,0
BRDA:212,43,0,0
BRDA:212,43,1,0
BRDA:214,44,0,0
BRDA:214,44,1,0
BRDA:218,45,0,0
BRDA:218,45,1,0
BRDA:219,46,0,0
BRDA:219,46,1,0
BRDA:220,47,0,0
BRDA:220,47,1,0
BRDA:221,48,0,0
BRDA:221,48,1,0
BRDA:223,49,0,0
BRDA:223,49,1,0
BRDA:224,50,0,0
BRDA:224,50,1,0
BRDA:261,51,0,0
BRDA:261,51,1,0
BRDA:262,52,0,0
BRDA:262,52,1,0
BRDA:263,53,0,0
BRDA:263,53,1,0
BRDA:266,54,0,0
BRDA:266,54,1,0
BRDA:267,55,0,0
BRDA:267,55,1,0
BRDA:268,56,0,0
BRDA:268,56,1,0
BRDA:269,57,0,0
BRDA:269,57,1,0
BRDA:306,58,0,0
BRDA:306,58,1,0
BRDA:306,59,0,0
BRDA:306,59,1,0
BRDA:308,60,0,0
BRDA:308,60,1,0
BRDA:309,61,0,0
BRDA:309,61,1,0
BRF:122
BRH:3
end_of_record
TN:
SF:/workspaces/ChaiDex-Contracts-1/contracts/P2Pnative.sol
FN:10,initialize
FN:25,constructor
FN:28,_authorizeUpgrade
FN:29,pause
FN:33,unpause
FN:91,setSwapID
FN:111,setTradeCloneID
FN:132,depositSeller
FN:155,depositBuyer
FN:185,withDrawBuyer
FN:239,refundSeller
FN:283,withdrawFee
FNF:12
FNH:0
FNDA:0,initialize
FNDA:0,constructor
FNDA:0,_authorizeUpgrade
FNDA:0,pause
FNDA:0,unpause
FNDA:0,setSwapID
FNDA:0,setTradeCloneID
FNDA:0,depositSeller
FNDA:0,depositBuyer
FNDA:0,withDrawBuyer
FNDA:0,refundSeller
FNDA:0,withdrawFee
DA:11,0
DA:12,0
DA:13,0
DA:26,0
DA:30,0
DA:34,0
DA:93,0
DA:94,0
DA:95,0
DA:96,0
DA:97,0
DA:98,0
DA:106,0
DA:107,0
DA:108,0
DA:113,0
DA:114,0
DA:115,0
DA:116,0
DA:117,0
DA:127,0
DA:128,0
DA:129,0
DA:133,0
DA:134,0
DA:135,0
DA:136,0
DA:137,0
DA:138,0
DA:139,0
DA:140,0
DA:151,0
DA:152,0
DA:156,0
DA:157,0
DA:158,0
DA:159,0
DA:160,0
DA:162,0
DA:163,0
DA:164,0
DA:165,0
DA:166,0
DA:167,0
DA:168,0
DA:169,0
DA:170,0
DA:171,0
DA:172,0
DA:174,0
DA:175,0
DA:177,0
DA:178,0
DA:179,0
DA:180,0
DA:181,0
DA:182,0
DA:186,0
DA:187,0
DA:188,0
DA:189,0
DA:190,0
DA:191,0
DA:192,0
DA:193,0
DA:194,0
DA:195,0
DA:196,0
DA:197,0
DA:198,0
DA:199,0
DA:200,0
DA:201,0
DA:202,0
DA:203,0
DA:204,0
DA:205,0
DA:206,0
DA:207,0
DA:208,0
DA:209,0
DA:210,0
DA:211,0
DA:240,0
DA:241,0
DA:242,0
DA:243,0
DA:244,0
DA:245,0
DA:246,0
DA:247,0
DA:248,0
DA:249,0
DA:250,0
DA:251,0
DA:252,0
DA:253,0
DA:285,0
DA:286,0
DA:287,0
LF:100
LH:0
BRDA:10,1,0,0
BRDA:10,1,1,0
BRDA:28,2,0,0
BRDA:28,2,1,0
BRDA:29,3,0,0
BRDA:29,3,1,0
BRDA:33,4,0,0
BRDA:33,4,1,0
BRDA:91,5,0,0
BRDA:91,5,1,0
BRDA:91,6,0,0
BRDA:91,6,1,0
BRDA:93,7,0,0
BRDA:93,7,1,0
BRDA:94,8,0,0
BRDA:94,8,1,0
BRDA:95,9,0,0
BRDA:95,9,1,0
BRDA:96,10,0,0
BRDA:96,10,1,0
BRDA:111,11,0,0
BRDA:111,11,1,0
BRDA:111,12,0,0
BRDA:111,12,1,0
BRDA:113,13,0,0
BRDA:113,13,1,0
BRDA:114,14,0,0
BRDA:114,14,1,0
BRDA:132,15,0,0
BRDA:132,15,1,0
BRDA:133,16,0,0
BRDA:133,16,1,0
BRDA:134,17,0,0
BRDA:134,17,1,0
BRDA:135,18,0,0
BRDA:135,18,1,0
BRDA:136,19,0,0
BRDA:136,19,1,0
BRDA:137,20,0,0
BRDA:137,20,1,0
BRDA:155,21,0,0
BRDA:155,21,1,0
BRDA:156,22,0,0
BRDA:156,22,1,0
BRDA:157,23,0,0
BRDA:157,23,1,0
BRDA:158,24,0,0
BRDA:158,24,1,0
BRDA:159,25,0,0
BRDA:159,25,1,0
BRDA:162,26,0,0
BRDA:162,26,1,0
BRDA:165,27,0,0
BRDA:165,27,1,0
BRDA:167,28,0,0
BRDA:167,28,1,0
BRDA:168,29,0,0
BRDA:168,29,1,0
BRDA:169,30,0,0
BRDA:169,30,1,0
BRDA:171,31,0,0
BRDA:171,31,1,0
BRDA:172,32,0,0
BRDA:172,32,1,0
BRDA:185,33,0,0
BRDA:185,33,1,0
BRDA:186,34,0,0
BRDA:186,34,1,0
BRDA:187,35,0,0
BRDA:187,35,1,0
BRDA:190,36,0,0
BRDA:190,36,1,0
BRDA:192,37,0,0
BRDA:192,37,1,0
BRDA:196,38,0,0
BRDA:196,38,1,0
BRDA:197,39,0,0
BRDA:197,39,1,0
BRDA:198,40,0,0
BRDA:198,40,1,0
BRDA:199,41,0,0
BRDA:199,41,1,0
BRDA:201,42,0,0
BRDA:201,42,1,0
BRDA:202,43,0,0
BRDA:202,43,1,0
BRDA:239,44,0,0
BRDA:239,44,1,0
BRDA:240,45,0,0
BRDA:240,45,1,0
BRDA:243,46,0,0
BRDA:243,46,1,0
BRDA:244,47,0,0
BRDA:244,47,1,0
BRDA:245,48,0,0
BRDA:245,48,1,0
BRDA:246,49,0,0
BRDA:246,49,1,0
BRDA:283,50,0,0
BRDA:283,50,1,0
BRDA:283,51,0,0
BRDA:283,51,1,0
BRDA:285,52,0,0
BRDA:285,52,1,0
BRF:104
BRH:0
end_of_record
TN:
SF:/workspaces/ChaiDex-Contracts-1/contracts/Test_usd.sol
FN:8,constructor
FNF:1
FNH:1
FNDA:9,constructor
DA:9,9
LF:1
LH:1
BRF:0
BRH:0
end_of_record
TN:
SF:/workspaces/ChaiDex-Contracts-1/contracts/TPfortron.sol
FN:12,constructor
FN:32,setMinter
FN:35,setDisable
FN:40,pause
FN:45,unpause
FN:52,setUSDAddress
FN:59,Buy
FN:73,BuyNat
FN:86,Redeem
FN:97,RedeemNat
FN:110,getTPbalance
FNF:11
FNH:0
FNDA:0,constructor
FNDA:0,setMinter
FNDA:0,setDisable
FNDA:0,pause
FNDA:0,unpause
FNDA:0,setUSDAddress
FNDA:0,Buy
FNDA:0,BuyNat
FNDA:0,Redeem
FNDA:0,RedeemNat
FNDA:0,getTPbalance
DA:33,0
DA:36,0
DA:41,0
DA:46,0
DA:53,0
DA:54,0
DA:60,0
DA:61,0
DA:64,0
DA:69,0
DA:70,0
DA:71,0
DA:74,0
DA:75,0
DA:76,0
DA:77,0
DA:78,0
DA:79,0
DA:87,0
DA:88,0
DA:89,0
DA:90,0
DA:91,0
DA:93,0
DA:94,0
DA:98,0
DA:99,0
DA:100,0
DA:101,0
DA:102,0
DA:103,0
DA:104,0
DA:106,0
DA:107,0
DA:111,0
DA:112,0
DA:114,0
DA:116,0
LF:38
LH:0
BRDA:32,1,0,0
BRDA:32,1,1,0
BRDA:32,2,0,0
BRDA:32,2,1,0
BRDA:35,3,0,0
BRDA:35,3,1,0
BRDA:35,4,0,0
BRDA:35,4,1,0
BRDA:40,5,0,0
BRDA:40,5,1,0
BRDA:45,6,0,0
BRDA:45,6,1,0
BRDA:52,7,0,0
BRDA:52,7,1,0
BRDA:52,8,0,0
BRDA:52,8,1,0
BRDA:59,9,0,0
BRDA:59,9,1,0
BRDA:60,10,0,0
BRDA:60,10,1,0
BRDA:61,11,0,0
BRDA:61,11,1,0
BRDA:73,12,0,0
BRDA:73,12,1,0
BRDA:74,13,0,0
BRDA:74,13,1,0
BRDA:75,14,0,0
BRDA:75,14,1,0
BRDA:76,15,0,0
BRDA:76,15,1,0
BRDA:86,16,0,0
BRDA:86,16,1,0
BRDA:86,17,0,0
BRDA:86,17,1,0
BRDA:87,18,0,0
BRDA:87,18,1,0
BRDA:88,19,0,0
BRDA:88,19,1,0
BRDA:89,20,0,0
BRDA:89,20,1,0
BRDA:97,21,0,0
BRDA:97,21,1,0
BRDA:97,22,0,0
BRDA:97,22,1,0
BRDA:98,23,0,0
BRDA:98,23,1,0
BRDA:99,24,0,0
BRDA:99,24,1,0
BRDA:100,25,0,0
BRDA:100,25,1,0
BRDA:101,26,0,0
BRDA:101,26,1,0
BRDA:102,27,0,0
BRDA:102,27,1,0
BRF:54
BRH:0
end_of_record
TN:
SF:/workspaces/ChaiDex-Contracts-1/contracts/treasuryPool.sol
FN:12,initialize
FN:18,constructor
FN:21,_authorizeUpgrade
FN:44,setMinter
FN:47,setDisable
FN:52,pause
FN:57,unpause
FN:64,setUSDAddress
FN:71,Buy
FN:85,BuyNat
FN:98,Redeem
FN:109,RedeemNat
FN:122,getTPbalance
FNF:13
FNH:7
FNDA:6,initialize
FNDA:3,constructor
FNDA:0,_authorizeUpgrade
FNDA:1,setMinter
FNDA:0,setDisable
FNDA:0,pause
FNDA:0,unpause
FNDA:2,setUSDAddress
FNDA:3,Buy
FNDA:2,BuyNat
FNDA:1,Redeem
FNDA:0,RedeemNat
FNDA:0,getTPbalance
DA:13,6
DA:14,6
DA:15,6
DA:19,3
DA:45,1
DA:48,0
DA:53,0
DA:58,0
DA:65,2
DA:66,2
DA:72,3
DA:73,3
DA:76,2
DA:81,2
DA:82,2
DA:83,2
DA:86,2
DA:87,2
DA:88,1
DA:89,1
DA:90,1
DA:91,1
DA:99,1
DA:100,1
DA:101,1
DA:102,1
DA:103,1
DA:105,1
DA:106,1
DA:110,0
DA:111,0
DA:112,0
DA:113,0
DA:114,0
DA:115,0
DA:116,0
DA:118,0
DA:119,0
DA:123,0
DA:124,0
DA:126,0
DA:128,0
LF:42
LH:26
BRDA:12,1,0,6
BRDA:12,1,1,0
BRDA:21,2,0,0
BRDA:21,2,1,0
BRDA:44,3,0,1
BRDA:44,3,1,0
BRDA:44,4,0,1
BRDA:44,4,1,0
BRDA:47,5,0,0
BRDA:47,5,1,0
BRDA:47,6,0,0
BRDA:47,6,1,0
BRDA:52,7,0,0
BRDA:52,7,1,0
BRDA:57,8,0,0
BRDA:57,8,1,0
BRDA:64,9,0,2
BRDA:64,9,1,0
BRDA:64,10,0,2
BRDA:64,10,1,0
BRDA:71,11,0,3
BRDA:71,11,1,0
BRDA:72,12,0,3
BRDA:72,12,1,0
BRDA:73,13,0,2
BRDA:73,13,1,1
BRDA:85,14,0,2
BRDA:85,14,1,0
BRDA:86,15,0,2
BRDA:86,15,1,0
BRDA:87,16,0,1
BRDA:87,16,1,1
BRDA:88,17,0,1
BRDA:88,17,1,0
BRDA:98,18,0,1
BRDA:98,18,1,0
BRDA:98,19,0,1
BRDA:98,19,1,0
BRDA:99,20,0,1
BRDA:99,20,1,0
BRDA:100,21,0,1
BRDA:100,21,1,0
BRDA:101,22,0,1
BRDA:101,22,1,0
BRDA:109,23,0,0
BRDA:109,23,1,0
BRDA:109,24,0,0
BRDA:109,24,1,0
BRDA:110,25,0,0
BRDA:110,25,1,0
BRDA:111,26,0,0
BRDA:111,26,1,0
BRDA:112,27,0,0
BRDA:112,27,1,0
BRDA:113,28,0,0
BRDA:113,28,1,0
BRDA:114,29,0,0
BRDA:114,29,1,0
BRF:58
BRH:19
end_of_record
